MATLAB is selecting SOFTWARE OPENGL rendering.

                            < M A T L A B (R) >
                  Copyright 1984-2018 The MathWorks, Inc.
              R2018b Update 2 (9.5.0.1033004) 64-bit (glnxa64)
                              January 5, 2019

 
To get started, type doc.
For product information, visit www.mathworks.com.
 
Beginning variational optimization assuming NOISY observations of the log-joint.
 Iteration  f-count    Mean[ELBO]    Std[ELBO]    sKL-iter[q]   K[q]  Convergence  Action
     1         10         -57.78         4.34    888479.40        2        Inf     start warm-up
     2         15         -48.13         1.83         8.80        2        Inf     
     3         20         -47.53         0.54         0.32        2         10     
     4         25         -47.39         0.24         0.48        2       10.6     
     5         30         -46.80         0.17         0.32        2       8.74     
     6         35         -45.14         0.28         2.41        2       52.9     
     7         40         -45.08         0.11         0.06        2       1.74     
     8         45         -44.98         0.11         0.08        2       2.26     
     9         50         -44.92         0.06         0.02        2      0.724     end warm-up
    10         55         -44.85         0.05         0.01        2      0.658     
    11         60         -44.80         0.03         0.01        2      0.481     
    12         65         -44.85         0.03         0.01        5      0.477     
    13         70         -44.80         0.02         0.00        5      0.316     
    14         75         -44.81         0.02         0.00        8     0.0705     
    15         75         -44.80         0.02         0.01        9      0.201     rotoscale
    16         80         -44.79         0.02         0.00        9      0.179     
    17         85         -44.77         0.02         0.00       12       0.16     
    18         90         -44.72         0.02         0.00       15      0.237     stable
    19         95         -44.72         0.01         0.00       17      0.144     stable
   Inf         95         -44.66         0.02         0.00       50      0.144     finalize

Inference terminated: variational solution stable for OPTIONS.TolStableCount fcn evaluations.
Estimated ELBO: -44.663 +/- 0.016.

