MATLAB is selecting SOFTWARE OPENGL rendering.

                            < M A T L A B (R) >
                  Copyright 1984-2018 The MathWorks, Inc.
              R2018b Update 2 (9.5.0.1033004) 64-bit (glnxa64)
                              January 5, 2019

 
To get started, type doc.
For product information, visit www.mathworks.com.
 
Beginning variational optimization assuming NOISY observations of the log-joint.
 Iteration  f-count    Mean[ELBO]    Std[ELBO]    sKL-iter[q]   K[q]  Convergence  Action
     1         10        -140.10         5.03   1468850.28        2        Inf     start warm-up
     2         15        -127.05         1.23        20.23        2        Inf     
     3         20        -122.99         0.35         5.38        2        115     
     4         25        -118.50         1.46         8.99        2        186     
     5         30        -117.89         0.31         0.56        2       12.7     
     6         35        -117.76         0.13         0.19        2       4.21     
     7         40        -117.58         0.10         0.34        2       7.19     
     8         45        -117.23         0.11         0.37        2       8.06     
     9         50        -116.99         0.18         1.44        2       28.7     end warm-up
    10         55        -116.12         0.11         0.63        2       14.4     
    11         60        -115.93         0.10         0.10        2       2.55     
    12         65        -116.00         0.07         0.10        3       2.35     
    13         70        -116.01         0.07         0.01        4      0.309     
    14         75        -116.06         0.07         0.04        4      0.991     
    15         80        -116.06         0.06         0.03        4      0.736     
    16         85        -115.94         0.04         0.01        4       0.57     
    17         90        -115.88         0.05         0.01        7       0.49     
    18         90        -115.85         0.06         0.02        8      0.508     rotoscale
    19         95        -115.88         0.06         0.00        8      0.228     
    20        100        -115.83         0.07         0.01        8      0.308     
    21        105        -115.81         0.04         0.01       11      0.281     
    22        110        -115.79         0.06         0.00       14       0.15     stable
   Inf        110        -115.65         0.05         0.00       50       0.15     finalize

Inference terminated: variational solution stable for OPTIONS.TolStableCount fcn evaluations.
Estimated ELBO: -115.650 +/- 0.053.

