MATLAB is selecting SOFTWARE OPENGL rendering.

                            < M A T L A B (R) >
                  Copyright 1984-2018 The MathWorks, Inc.
              R2018b Update 2 (9.5.0.1033004) 64-bit (glnxa64)
                              January 5, 2019

 
To get started, type doc.
For product information, visit www.mathworks.com.
 
Beginning variational optimization assuming NOISY observations of the log-joint.
 Iteration  f-count    Mean[ELBO]    Std[ELBO]    sKL-iter[q]   K[q]  Convergence  Action
     1         10         -86.09         3.03   1045640.53        2        Inf     start warm-up
     2         15         -73.98         0.64        18.57        2        Inf     
     3         20         -69.13         0.66         4.69        2        104     
     4         25         -67.45         0.32         1.62        2       36.6     
     5         30         -66.14         0.20         0.81        2       19.7     
     6         35         -65.99         0.13         0.18        2       4.21     
     7         40         -65.92         0.07         0.02        2      0.847     
     8         45         -65.62         0.06         0.09        2       2.83     end warm-up
     9         50         -65.44         0.05         0.06        2       1.76     
    10         55         -65.38         0.05         0.04        2      0.987     
    11         60         -65.38         0.04         0.01        5      0.258     
    12         65         -65.30         0.04         0.01        8      0.519     
    13         70         -65.27         0.03         0.00       11      0.218     
    14         70         -65.26         0.04         0.01       12      0.294     rotoscale
    15         75         -65.28         0.03         0.00       12      0.187     
    16         80         -65.28         0.03         0.00       15      0.103     
    17         85         -65.27         0.03         0.00       15      0.156     
    18         90         -65.28         0.03         0.00       18      0.123     stable
   Inf         90         -65.24         0.03         0.00       50      0.123     finalize

Inference terminated: variational solution stable for OPTIONS.TolStableCount fcn evaluations.
Estimated ELBO: -65.243 +/- 0.026.

