MATLAB is selecting SOFTWARE OPENGL rendering.

                            < M A T L A B (R) >
                  Copyright 1984-2018 The MathWorks, Inc.
              R2018b Update 2 (9.5.0.1033004) 64-bit (glnxa64)
                              January 5, 2019

 
To get started, type doc.
For product information, visit www.mathworks.com.
 
Beginning variational optimization assuming NOISY observations of the log-joint.
 Iteration  f-count    Mean[ELBO]    Std[ELBO]    sKL-iter[q]   K[q]  Convergence  Action
     1         10        -103.97        11.40   1054280.74        2        Inf     start warm-up
     2         15         -82.91         0.41        38.30        2        Inf     
     3         20         -76.07         0.18        11.08        2        233     
     4         25         -74.62         0.23         2.76        2       57.8     
     5         30         -73.36         2.60         3.57        2       79.6     
     6         35         -73.77         0.64         5.45        2        108     
     7         40         -73.37         0.11         0.33        2       7.74     
     8         45         -73.32         0.06         0.02        2      0.586     
     9         50         -73.27         0.05         0.01        2      0.495     
    10         55         -73.28         0.04         0.00        2      0.202     end warm-up
    11         60         -73.20         0.03         0.04        2       1.09     
    12         65         -73.20         0.03         0.02        2      0.471     
    13         70         -73.23         0.04         0.01        5      0.395     
    14         75         -73.20         0.03         0.00        5      0.208     
    15         80         -73.19         0.03         0.00        8      0.158     
    16         80         -73.21         0.03         0.00        9      0.231     rotoscale
    17         85         -73.14         0.03         0.00        9      0.334     
    18         90         -73.11         0.03         0.00       11      0.203     stable
    19         95         -73.09         0.03         0.00       11       0.18     stable
    20        100         -73.07         0.03         0.00       12      0.133     stable
   Inf        100         -73.05         0.03         0.00       50      0.133     finalize

Inference terminated: variational solution stable for OPTIONS.TolStableCount fcn evaluations.
Estimated ELBO: -73.047 +/- 0.027.

