MATLAB is selecting SOFTWARE OPENGL rendering.

                            < M A T L A B (R) >
                  Copyright 1984-2018 The MathWorks, Inc.
              R2018b Update 2 (9.5.0.1033004) 64-bit (glnxa64)
                              January 5, 2019

 
To get started, type doc.
For product information, visit www.mathworks.com.
 
Beginning variational optimization assuming NOISY observations of the log-joint.
 Iteration  f-count    Mean[ELBO]    Std[ELBO]    sKL-iter[q]   K[q]  Convergence  Action
     1         10         -92.14         9.05    990520.40        2        Inf     start warm-up
     2         15         -90.36         0.41        10.65        2        Inf     
     3         20         -86.30         0.58        13.19        2        265     
     4         25         -82.64         0.52         9.52        2        193     
     5         30         -78.16         0.80         9.30        2        191     
     6         35         -77.65         0.30         0.27        2       7.18     
     7         40         -77.38         0.21         0.19        2       4.97     
     8         45         -77.19         0.16         0.13        2       3.38     
     9         50         -76.88         0.13         0.25        2       5.53     
    10         55         -76.76         0.16         0.14        2       3.18     end warm-up
    11         60         -76.28         0.11         0.48        2       10.8     
    12         65         -76.24         0.15         0.06        2       1.62     
    13         70         -76.11         0.12         0.01        3      0.637     
    14         75         -76.11         0.08         0.01        6      0.361     
    15         80         -76.10         0.07         0.01        9      0.271     
    16         80         -75.82         0.32         0.11       10       3.54     rotoscale
    17         85         -75.93         0.09         0.05       10        1.5     
    18         90         -76.00         0.07         0.01       11      0.503     
    19         95         -75.95         0.04         0.00       14       0.32     
    20        100         -75.99         0.06         0.00       17      0.274     
    21        105         -76.00         0.06         0.00       16      0.166     
    22        105         -75.98         0.07         0.00       16       0.16     rotoscale
    23        110         -75.97         0.08         0.00       16      0.207     
    24        115         -75.95         0.07         0.00       16      0.201     stable
    25        120         -75.95         0.08         0.00       19      0.145     stable
    26        125         -75.95         0.07         0.00       18      0.147     stable
   Inf        125         -75.93         0.07         0.00       50      0.147     finalize

Inference terminated: variational solution stable for OPTIONS.TolStableCount fcn evaluations.
Estimated ELBO: -75.930 +/- 0.070.

