MATLAB is selecting SOFTWARE OPENGL rendering.

                            < M A T L A B (R) >
                  Copyright 1984-2018 The MathWorks, Inc.
              R2018b Update 2 (9.5.0.1033004) 64-bit (glnxa64)
                              January 5, 2019

 
To get started, type doc.
For product information, visit www.mathworks.com.
 
Beginning variational optimization assuming NOISY observations of the log-joint.
 Iteration  f-count    Mean[ELBO]    Std[ELBO]    sKL-iter[q]   K[q]  Convergence  Action
     1         10        -108.74         1.32   1321980.80        2        Inf     start warm-up
     2         15        -102.44         0.60         7.66        2        Inf     
     3         20        -100.82         0.50         1.09        2       25.9     
     4         25        -100.52         0.11         0.14        2       3.71     
     5         30        -100.34         0.13         0.05        2       1.72     
     6         35        -100.29         0.08         0.01        2      0.449     
     7         40         -97.08         1.50        18.12        2        360     
     8         45         -95.49         0.34         1.93        2       41.4     
     9         50         -94.82         0.15         1.66        2       33.8     
    10         55         -94.52         0.23         0.14        2       3.82     
    11         60         -94.30         0.15         0.24        2       5.47     
    12         65         -94.23         0.13         0.07        2       1.84     end warm-up
    13         70         -94.01         0.10         0.13        2       3.27     
    14         75         -93.94         0.08         0.00        2      0.441     
    15         80         -93.86         0.05         0.01        5        0.5     
    16         85         -93.90         0.04         0.02        8      0.577     
    17         90         -93.89         0.10         0.03        8      0.657     
    18         90         -93.83         0.11         0.05        8       1.12     rotoscale
    19         95         -93.86         0.10         0.01        8      0.397     
    20        100         -93.83         0.10         0.00        8      0.206     
    21        105         -93.80         0.09         0.00       11       0.23     
    22        110         -93.78         0.09         0.00       14      0.245     
    23        115         -93.76         0.08         0.00       17      0.175     
    24        115         -93.76         0.08         0.00       18      0.197     rotoscale, stable
    25        120         -93.75         0.08         0.00       21       0.16     stable
    26        125         -93.78         0.07         0.00       22      0.198     stable
    27        130         -93.78         0.07         0.00       21      0.168     stable
    28        135         -93.77         0.07         0.00       20      0.136     stable
   Inf        135         -93.74         0.07         0.00       50      0.136     finalize

Inference terminated: variational solution stable for OPTIONS.TolStableCount fcn evaluations.
Estimated ELBO: -93.742 +/- 0.070.

