MATLAB is selecting SOFTWARE OPENGL rendering.

                            < M A T L A B (R) >
                  Copyright 1984-2018 The MathWorks, Inc.
              R2018b Update 2 (9.5.0.1033004) 64-bit (glnxa64)
                              January 5, 2019

 
To get started, type doc.
For product information, visit www.mathworks.com.
 
Beginning variational optimization assuming NOISY observations of the log-joint.
 Iteration  f-count    Mean[ELBO]    Std[ELBO]    sKL-iter[q]   K[q]  Convergence  Action
     1         10         -79.96         5.08    962141.75        2        Inf     start warm-up
     2         15         -76.39         0.92        49.84        2        Inf     
     3         20         -73.78         0.40         3.03        2       66.3     
     4         25         -73.32         0.19         0.37        2       9.04     
     5         30         -71.86         2.75         3.85        2         86     
     6         35         -72.49         0.19         1.94        2       39.7     
     7         40         -69.62         9.91        16.24        2        348     trim data
     8         45         -72.53         0.08         8.36        2        169     
     9         50         -72.56         0.05         0.07        2       1.57     end warm-up
    10         55         -72.46         0.05         0.07        2       1.71     
    11         60         -72.43         0.04         0.01        2      0.315     
    12         65         -72.40         0.04         0.01        5      0.396     
    13         70         -72.39         0.04         0.01        8      0.252     
    14         75         -72.25         0.07         0.00       11      0.498     
    15         75         -72.34         0.04         0.01       12      0.645     rotoscale
    16         80         -72.23         0.05         0.01       12      0.533     
    17         85         -72.16         0.09         0.01       15      0.495     
    18         90         -72.18         0.04         0.00       15      0.228     
    19         95         -72.12         0.04         0.01       18      0.393     
    20        100         -71.99         0.07         0.01       20      0.579     
    21        100         -72.00         0.07         0.00       20      0.173     rotoscale
    22        105         -71.96         0.07         0.00       20      0.178     
    23        110         -72.00         0.08         0.00       21      0.235     stable
    24        115         -72.02         0.07         0.00       18      0.166     stable
    25        120         -72.02         0.08         0.00       18      0.145     stable
   Inf        120         -71.99         0.08         0.00       50      0.145     finalize

Inference terminated: variational solution stable for OPTIONS.TolStableCount fcn evaluations.
Estimated ELBO: -71.990 +/- 0.076.

