MATLAB is selecting SOFTWARE OPENGL rendering.

                            < M A T L A B (R) >
                  Copyright 1984-2018 The MathWorks, Inc.
              R2018b Update 2 (9.5.0.1033004) 64-bit (glnxa64)
                              January 5, 2019

 
To get started, type doc.
For product information, visit www.mathworks.com.
 
Beginning variational optimization assuming NOISY observations of the log-joint.
 Iteration  f-count    Mean[ELBO]    Std[ELBO]    sKL-iter[q]   K[q]  Convergence  Action
     1         10         -87.67         4.12    962209.21        2        Inf     start warm-up
     2         15         -83.37         0.72        13.28        2        Inf     
     3         20         -82.16         0.44         1.18        2       28.2     
     4         25         -81.75         0.41         0.16        2       5.73     
     5         30         -81.02         0.71         1.03        2       24.6     end warm-up
     6         35         -81.06         0.11         0.10        2        2.5     
     7         40         -80.96         0.07         0.06        2       1.76     
     8         45         -80.90         0.08         0.01        3      0.676     
     9         50         -80.89         0.08         0.02        6      0.612     
    10         55         -80.79         0.09         0.01        9      0.447     
    11         55         -80.74         0.08         0.01       10      0.379     rotoscale
    12         60         -80.74         0.08         0.02       13      0.446     
    13         65         -80.73         0.08         0.00       13      0.212     
    14         70         -80.74         0.08         0.00       16      0.184     
    15         75         -80.72         0.08         0.00       16      0.199     
    16         80         -80.76         0.06         0.00       18      0.235     
    17         80         -80.74         0.06         0.00       17      0.166     rotoscale, stable
    18         85         -80.73         0.06         0.00       17      0.142     stable
    19         90         -80.74         0.06         0.00       17      0.182     stable
    20         95         -80.73         0.05         0.00       17      0.183     stable
    21        100         -80.73         0.05         0.00       18      0.113     stable
   Inf        100         -80.74         0.05         0.00       50      0.113     finalize

Inference terminated: variational solution stable for OPTIONS.TolStableCount fcn evaluations.
Estimated ELBO: -80.742 +/- 0.053.

