MATLAB is selecting SOFTWARE OPENGL rendering.

                            < M A T L A B (R) >
                  Copyright 1984-2018 The MathWorks, Inc.
              R2018b Update 2 (9.5.0.1033004) 64-bit (glnxa64)
                              January 5, 2019

 
To get started, type doc.
For product information, visit www.mathworks.com.
 
Beginning variational optimization assuming NOISY observations of the log-joint.
 Iteration  f-count    Mean[ELBO]    Std[ELBO]    sKL-iter[q]   K[q]  Convergence  Action
     1         10         -79.60         7.00   1167462.14        2        Inf     start warm-up
     2         15         -69.29         0.97        83.98        2        Inf     
     3         20         -66.18         0.70         4.96        2        104     
     4         25         -64.18         0.51         3.13        2       66.4     
     5         30         -61.71         0.76         2.07        2       48.7     
     6         35         -59.68         0.49         2.85        2       62.9     
     7         40         -59.02         0.21         1.18        2       25.6     
     8         45         -58.86         0.10         0.03        2        1.5     
     9         50         -58.77         0.06         0.02        2      0.954     
    10         55         -58.69         0.05         0.04        2       1.15     end warm-up
    11         60         -58.61         0.03         0.06        2       1.45     
    12         65         -58.62         0.04         0.03        2      0.755     
    13         70         -58.56         0.03         0.00        5      0.369     
    14         75         -58.55         0.04         0.00        8      0.222     
    15         80         -58.54         0.03         0.01        8      0.259     
    16         80         -58.52         0.03         0.01        9      0.388     rotoscale
    17         85         -58.53         0.05         0.01       12      0.273     
    18         90         -58.49         0.05         0.00       12      0.227     
    19         95         -58.52         0.06         0.00       12      0.221     
    20        100         -58.47         0.05         0.00       12      0.225     stable
   Inf        100         -58.44         0.05         0.00       50      0.225     finalize

Inference terminated: variational solution stable for OPTIONS.TolStableCount fcn evaluations.
Estimated ELBO: -58.439 +/- 0.046.

