MATLAB is selecting SOFTWARE OPENGL rendering.

                            < M A T L A B (R) >
                  Copyright 1984-2018 The MathWorks, Inc.
              R2018b Update 2 (9.5.0.1033004) 64-bit (glnxa64)
                              January 5, 2019

 
To get started, type doc.
For product information, visit www.mathworks.com.
 
Beginning variational optimization assuming NOISY observations of the log-joint.
 Iteration  f-count    Mean[ELBO]    Std[ELBO]    sKL-iter[q]   K[q]  Convergence  Action
     1         10        -116.31         1.91   1331137.23        2        Inf     start warm-up
     2         15        -103.58         0.87         7.65        2        Inf     
     3         20         -96.45         0.56         7.92        2        172     
     4         25         -93.13         0.47         5.43        2        113     
     5         30         -92.17         0.59         1.33        2       28.7     
     6         35         -91.10         0.52         0.48        2       11.8     
     7         40         -88.38         1.88         7.98        2        160     
     8         45         -84.52         1.53         4.27        2       89.6     
     9         50         -85.84         0.29         1.77        2       36.3     
    10         55         -85.75         0.21         0.24        2       5.07     
    11         60         -85.47         0.26         0.20        2       4.49     
    12         65         -85.10         0.18         0.29        2       6.26     
    13         70         -85.26         0.21         0.16        2       3.52     end warm-up
    14         75         -85.07         0.15         0.04        2       1.26     
    15         80         -84.98         0.12         0.01        2      0.452     
    16         85         -84.94         0.12         0.01        5      0.377     
    17         90         -84.87         0.08         0.01        8       0.35     
    18         95         -84.80         0.09         0.00       11      0.299     
    19         95         -84.78         0.08         0.00       12      0.187     rotoscale
    20        100         -84.75         0.08         0.00       15      0.209     
    21        105         -84.73         0.07         0.00       18      0.189     
    22        110         -84.71         0.06         0.00       20      0.177     
    23        115         -84.70         0.06         0.00       20      0.157     
    24        120         -84.68         0.07         0.00       21      0.168     stable
   Inf        120         -84.65         0.07         0.01       50      0.168     finalize

Inference terminated: variational solution stable for OPTIONS.TolStableCount fcn evaluations.
Estimated ELBO: -84.646 +/- 0.068.

