MATLAB is selecting SOFTWARE OPENGL rendering.

                            < M A T L A B (R) >
                  Copyright 1984-2018 The MathWorks, Inc.
              R2018b Update 2 (9.5.0.1033004) 64-bit (glnxa64)
                              January 5, 2019

 
To get started, type doc.
For product information, visit www.mathworks.com.
 
Beginning variational optimization assuming NOISY observations of the log-joint.
 Iteration  f-count    Mean[ELBO]    Std[ELBO]    sKL-iter[q]   K[q]  Convergence  Action
     1         10        -103.22         7.16   1266329.42        2        Inf     start warm-up
     2         15         -89.69         2.78        10.09        2        Inf     
     3         20         -84.82         0.99        16.36        2        328     
     4         25         -82.20         3.00        14.29        2        289     
     5         30         -81.07         0.98         1.73        2       38.9     
     6         35         -77.34         1.30         6.51        2        139     
     7         40         -77.48         0.43         0.86        2       18.1     
     8         45         -76.05         2.19         0.46        2       18.2     
     9         50         -76.87         0.51         2.72        2       55.7     
    10         55         -76.72         0.24         0.58        2       11.8     
    11         60         -76.32         0.23         0.50        2       10.6     
    12         65         -76.30         0.34         0.36        2       7.46     
    13         70         -76.20         0.13         0.21        2       4.47     end warm-up
    14         75         -76.19         0.12         0.30        2       6.08     
    15         80         -76.20         0.07         0.06        2       1.31     
    16         85         -76.17         0.08         0.18        3       3.62     
    17         90         -76.05         0.08         0.03        3      0.916     
    18         95         -75.99         0.08         0.00        6      0.312     
    19         95         -75.98         0.08         0.02        7      0.472     rotoscale
    20        100         -75.99         0.08         0.00       10      0.205     
    21        105         -75.98         0.07         0.00       13      0.169     
    22        110         -75.95         0.08         0.01       16      0.279     
    23        115         -75.93         0.07         0.00       16      0.161     
    24        120         -75.94         0.06         0.00       19      0.161     
    25        120         -75.91         0.07         0.00       19      0.183     rotoscale
    26        125         -75.90         0.07         0.00       18      0.187     stable
    27        130         -75.91         0.07         0.00       18      0.164     stable
    28        135         -75.93         0.06         0.00       17      0.152     stable
    29        140         -75.91         0.07         0.00       16      0.172     stable
   Inf        140         -75.90         0.07         0.00       50      0.172     finalize

Inference terminated: variational solution stable for OPTIONS.TolStableCount fcn evaluations.
Estimated ELBO: -75.897 +/- 0.070.

