MATLAB is selecting SOFTWARE OPENGL rendering.

                            < M A T L A B (R) >
                  Copyright 1984-2018 The MathWorks, Inc.
              R2018b Update 2 (9.5.0.1033004) 64-bit (glnxa64)
                              January 5, 2019

 
To get started, type doc.
For product information, visit www.mathworks.com.
 
Beginning variational optimization assuming NOISY observations of the log-joint.
 Iteration  f-count    Mean[ELBO]    Std[ELBO]    sKL-iter[q]   K[q]  Convergence  Action
     1         10        -108.32         4.95   1150089.00        2        Inf     start warm-up
     2         15        -100.28         0.19         5.57        2        Inf     
     3         20         -97.26         0.25         1.76        2       41.7     
     4         25         -91.26         0.51         3.37        2       81.7     
     5         30         -87.14         1.24         6.71        2        143     
     6         35         -87.24         0.15         0.31        2       6.64     
     7         40         -86.67         0.26         1.06        2       22.3     
     8         45         -85.37         0.14         1.48        2       32.5     
     9         50         -85.16         0.13         0.20        2       4.52     
    10         55         -84.99         0.18         0.13        2       3.46     
    11         60         -84.75         0.35         0.60        2       13.1     end warm-up
    12         65         -84.81         0.13         0.30        2       6.37     
    13         70         -84.64         0.10         0.02        2       1.22     
    14         75         -84.68         0.06         0.01        3      0.382     
    15         80         -84.59         0.05         0.01        6      0.655     
    16         85         -84.53         0.08         0.06        8       1.43     
    17         85         -84.44         0.15         0.21        8       4.47     rotoscale
    18         90         -84.01         0.08         0.18        8       4.61     
    19         95         -83.82         0.10         0.03        9       1.18     
    20        100         -83.79         0.05         0.00       10      0.248     
    21        105         -83.77         0.05         0.01       13      0.396     
    22        110         -83.73         0.05         0.00       16      0.265     
    23        110         -83.73         0.05         0.00       17      0.157     rotoscale
    24        115         -83.65         0.06         0.01       19      0.436     
    25        120         -83.64         0.04         0.00       19      0.156     
    26        125         -83.59         0.05         0.00       20      0.281     
    27        130         -83.60         0.04         0.00       19      0.133     
    28        135         -83.59         0.04         0.00       19      0.122     
    29        140         -83.61         0.04         0.00       19      0.143     stable
   Inf        140         -83.59         0.04         0.00       50      0.143     finalize

Inference terminated: variational solution stable for OPTIONS.TolStableCount fcn evaluations.
Estimated ELBO: -83.594 +/- 0.036.

