MATLAB is selecting SOFTWARE OPENGL rendering.

                            < M A T L A B (R) >
                  Copyright 1984-2018 The MathWorks, Inc.
              R2018b Update 2 (9.5.0.1033004) 64-bit (glnxa64)
                              January 5, 2019

 
To get started, type doc.
For product information, visit www.mathworks.com.
 
Beginning variational optimization assuming NOISY observations of the log-joint.
 Iteration  f-count    Mean[ELBO]    Std[ELBO]    sKL-iter[q]   K[q]  Convergence  Action
     1         10        -123.10         4.52   1311466.83        2        Inf     start warm-up
     2         15        -108.83         1.30        10.95        2        Inf     
     3         20        -101.81         0.93        38.01        2        753     
     4         25         -98.62         0.55         6.66        2        139     
     5         30         -95.74         0.90         3.68        2       81.5     
     6         35         -92.82         1.05         4.53        2       96.7     
     7         40         -90.67         0.65         4.62        2       95.1     
     8         45         -87.73         1.06         4.64        2       97.5     
     9         50         -87.34         0.17         0.29        2        6.8     
    10         55         -87.25         0.18         0.28        2       5.89     
    11         60         -87.11         0.20         0.10        2       2.74     
    12         65         -86.58         0.30         0.36        2       8.76     end warm-up
    13         70         -86.52         0.06         0.04        2       1.09     
    14         75         -86.52         0.06         0.01        2      0.382     
    15         80         -86.56         0.05         0.01        5      0.326     
    16         85         -86.52         0.05         0.01        5      0.482     
    17         90         -86.50         0.05         0.01        8      0.255     
    18         90         -86.51         0.05         0.01        9      0.406     rotoscale
    19         95         -86.49         0.05         0.00       12      0.174     
    20        100         -86.44         0.06         0.00       14      0.261     
    21        105         -86.43         0.05         0.00       14      0.137     
    22        110         -86.45         0.05         0.00       14      0.184     
    23        115         -86.43         0.05         0.00       14      0.141     stable
   Inf        115         -86.39         0.05         0.00       50      0.141     finalize

Inference terminated: variational solution stable for OPTIONS.TolStableCount fcn evaluations.
Estimated ELBO: -86.386 +/- 0.053.

