MATLAB is selecting SOFTWARE OPENGL rendering.

                            < M A T L A B (R) >
                  Copyright 1984-2018 The MathWorks, Inc.
              R2018b Update 2 (9.5.0.1033004) 64-bit (glnxa64)
                              January 5, 2019

 
To get started, type doc.
For product information, visit www.mathworks.com.
 
Beginning variational optimization assuming NOISY observations of the log-joint.
 Iteration  f-count    Mean[ELBO]    Std[ELBO]    sKL-iter[q]   K[q]  Convergence  Action
     1         10        -100.99         3.82   1056992.19        2        Inf     start warm-up
     2         15         -86.27         0.97        15.41        2        Inf     
     3         20         -78.62         0.93         9.05        2        193     
     4         25         -75.77         0.34         4.04        2       86.1     
     5         30         -73.45         2.97        15.11        2        306     
     6         35         -73.74         0.65         6.15        2        121     
     7         40         -73.86         0.15         0.19        2       4.45     
     8         45         -73.53         1.12         0.65        2       16.7     
     9         50         -73.60         0.08         0.38        2       7.74     
    10         55         -73.50         0.05         0.03        2      0.989     end warm-up
    11         60         -73.48         0.03         0.02        2      0.508     
    12         65         -73.50         0.03         0.00        2      0.209     
    13         70         -73.51         0.03         0.01        5      0.259     
    14         75         -73.47         0.03         0.00        5      0.247     
    15         80         -73.44         0.03         0.00        8      0.203     
    16         80         -73.46         0.03         0.01        9      0.298     rotoscale
    17         85         -73.40         0.03         0.01        9      0.407     
    18         90         -73.36         0.03         0.01       12      0.316     
    19         95         -73.34         0.03         0.00       15      0.143     stable
    20        100         -73.34         0.03         0.00       18      0.102     stable
   Inf        100         -73.30         0.03         0.00       50      0.102     finalize

Inference terminated: variational solution stable for OPTIONS.TolStableCount fcn evaluations.
Estimated ELBO: -73.302 +/- 0.028.

