MATLAB is selecting SOFTWARE OPENGL rendering.

                            < M A T L A B (R) >
                  Copyright 1984-2018 The MathWorks, Inc.
              R2018b Update 2 (9.5.0.1033004) 64-bit (glnxa64)
                              January 5, 2019

 
To get started, type doc.
For product information, visit www.mathworks.com.
 
Beginning variational optimization assuming NOISY observations of the log-joint.
 Iteration  f-count    Mean[ELBO]    Std[ELBO]    sKL-iter[q]   K[q]  Convergence  Action
     1         10        -132.98         3.91    814586.48        2        Inf     start warm-up
     2         15        -129.20         1.25        13.83        2        Inf     
     3         20        -124.43         1.00        11.96        2        242     
     4         25        -124.09         0.34         4.04        2       79.2     
     5         30        -123.69         0.12         0.30        2       6.88     
     6         35        -122.72         0.67         1.09        2       24.2     
     7         40        -122.99         0.11         0.15        2       3.62     
     8         45        -122.77         0.12         0.14        2       3.41     end warm-up
     9         50        -122.34         0.13         0.27        2       6.38     
    10         55        -122.37         0.09         0.03        2      0.877     
    11         60        -122.27         0.10         0.02        5      0.694     
    12         65        -122.16         0.09         0.01        8      0.559     
    13         70        -122.12         0.07         0.01       10      0.337     
    14         70        -122.09         0.07         0.02       10      0.501     rotoscale
    15         75        -122.06         0.06         0.02       11      0.519     
    16         80        -122.05         0.07         0.01       11      0.253     
    17         85        -122.02         0.08         0.01       11      0.392     
    18         90        -121.96         0.09         0.04       11      0.941     
    19         95        -121.75         0.10         0.06       12       1.51     
    20         95        -105.38         2.68         3.62       13       98.3     rotoscale
    21        100         -89.26         4.85         5.13       13        128     
    22        105         -95.33         4.99         0.45       13       24.3     
    23        110         -92.72         4.14         0.08       13         11     
    24        115         -91.66         3.95         1.05       12         27     
    25        120         -88.97         3.83         0.26       12       13.8     
    26        125         -86.19         3.88         0.13       13       11.3     
    27        130         -90.34         3.29         0.32       14       16.2     
    28        135         -90.69         3.49         0.70       13       18.8     
    29        140         -87.21         4.10         0.49       12       19.7     
    30        145         -88.43         3.27         0.05       11       7.29     
    31        150         -90.12         3.22         0.04       10       7.55     
    32        155         -91.21         2.99         0.11       10       8.13     
    33        160         -89.09         3.40         0.35        9       14.4     
    34        165         -89.46         3.18         0.08        9       6.66     
    35        170         -89.98         2.87         0.07       10        6.3     
    36        175         -89.84         3.06         0.01       11       4.79     
    37        180         -89.14         3.09         0.07       11       6.88     
    38        185         -91.95         2.78         0.66       11       21.4     
    39        190         -89.95         3.33         2.98        9       65.4     
    40        195         -91.57         2.92         0.13        9       9.56     
    41        200         -92.60         2.43         0.11        9       7.64     
    42        205         -91.93         2.84         0.02       10       6.01     
    43        210         -91.81         2.51         0.04        9       4.91     
    44        215         -90.73         3.17         0.03        8       6.97     
    45        220         -89.23         3.28   2960126.26        6    5.7e+07     
    46        225         -92.78         3.03         1.02        6       30.3     
    47        230         -90.39         2.49         0.72        6       21.2     switch to GP opt
    48        235         -93.40         3.05         2.55        6       60.4     
    49        240         -92.36         3.12         0.17        5       10.3     
    50        245         -92.22         3.19         0.20        4       9.47     
    51        250         -92.19         3.33         0.01        4       5.79     
    52        255         -91.04         3.47         0.02        4       8.11     
    53        260         -90.87         3.55         0.03        4       6.74     
    54        265         -89.78         3.75         0.02        3        8.3     
    55        270         -89.68         3.59         0.02        3       6.35     
    56        275         -89.24         3.61         0.00        4       6.67     
    57        280         -89.02         3.62         0.00        5       6.33     
    58        285         -88.83         3.61         0.02        6       6.68     
    59        290         -88.17         3.66         0.03        7       7.72     
    60        295         -88.53         3.63         0.00        8       6.74     
    61        300         -88.43         3.61         0.01        8       6.42     
    62        305         -87.71         3.69         0.01        8       7.52     
    63        310         -87.43         3.71         0.00        9       6.68     
    64        315         -87.31         3.74         0.02       10       6.82     
    65        320         -86.74         3.78         0.01       10       7.51     
    66        325         -85.45         3.84         0.01       10       8.76     
    67        330         -86.03         3.77         0.02       11       7.67     
    68        335         -85.50         3.75         0.04       11          8     
    69        340         -85.40         3.63         0.01       11       6.47     
    70        345         -85.70         3.58         0.01       10       6.78     
    71        350         -85.56         3.60         0.00        9        6.4     
    72        355         -84.53         3.71         0.05        9       8.84     
    73        360         -84.62         3.72         0.00       10       6.48     
    74        365         -83.48         3.83         0.04        9       9.25     
    75        370         -84.28         3.81         0.01        8       8.09     
    76        375         -83.83         3.86         0.01        8       7.49     
    77        380         -84.12         3.78         0.01        6       7.19     
    78        385         -83.66         3.91         0.05        6       8.34     
    79        390         -84.01         3.92         0.00        7       7.38     
    80        395         -83.72         3.97         0.00        6       7.27     
    81        400         -83.90         3.96         0.00        6       7.12     
    82        405         -84.08         3.92         0.01        6        7.2     
    83        410         -83.99         3.95         0.00        6       6.91     
    84        415         -83.89         3.99         0.00        6       7.06     
    85        420         -83.99         3.97         0.01        5       7.28     
    86        425         -84.03         3.98         0.00        4       6.98     
    87        430         -84.42         3.99         0.00        4       7.59     
    88        435         -84.62         3.86         0.03        4       7.55     
    89        440         -84.59         3.87         0.00        4       6.78     
    90        445         -84.55         3.89         0.01        4       6.97     
    91        450         -84.50         3.89         0.01        4       7.06     
    92        455         -84.42         3.89         0.01        5       7.11     
    93        460         -84.74         3.82         0.01        6       7.39     
    94        465         -84.38         3.83         0.00        5       7.38     
    95        470         -84.86         3.79         0.01        5       7.75     
    96        475         -84.57         3.84         0.01        4       7.43     
    97        480         -84.17         3.87         0.00        3       7.52     
    98        485         -84.41         3.83         0.00        3       7.12     
    99        490         -84.24         3.86         0.00        3          7     
   100        495         -84.10         3.87         0.00        2       7.03     
   101        500         -83.73         3.94         0.01        2       7.63     
   Inf        500         -84.11         3.83         0.01       50       7.03     finalize

Inference terminated: reached maximum number of function evaluations OPTIONS.MaxFunEvals.
Estimated ELBO: -84.113 +/- 3.830.
Caution: Returned variational solution may have not converged.

