MATLAB is selecting SOFTWARE OPENGL rendering.

                            < M A T L A B (R) >
                  Copyright 1984-2018 The MathWorks, Inc.
              R2018b Update 2 (9.5.0.1033004) 64-bit (glnxa64)
                              January 5, 2019

 
To get started, type doc.
For product information, visit www.mathworks.com.
 
Beginning variational optimization assuming NOISY observations of the log-joint.
 Iteration  f-count    Mean[ELBO]    Std[ELBO]    sKL-iter[q]   K[q]  Convergence  Action
     1         10        -131.07         4.68   1234266.35        2        Inf     start warm-up
     2         15        -115.21         0.77       243.02        2        Inf     
     3         20        -103.80         0.76        13.71        2        296     
     4         25         -98.97         2.79         3.16        2       81.6     
     5         30         -97.11         0.47        14.62        2        288     
     6         35         -95.42         0.70         9.19        2        184     
     7         40         -92.83         0.43         7.50        2        152     
     8         45         -89.51         0.75         9.49        2        191     
     9         50         -81.76        18.07       519.39        2   1.01e+04     
    10         55         -87.42         0.49        36.70        2        720     
    11         60         -86.88         0.46         0.17        2       5.54     
    12         65         -86.87         0.22         0.21        2       4.46     
    13         70         -86.79         0.19         0.04        2       1.42     
    14         75         -86.72         0.14         0.03        2      0.959     
    15         80         -86.68         0.10         0.01        2      0.536     end warm-up
    16         85         -86.50         0.06         0.05        2       1.43     
    17         90         -86.49         0.05         0.00        2      0.231     
    18         95         -86.45         0.06         0.02        5       0.62     
    19        100         -86.49         0.05         0.01        8      0.402     
    20        105         -86.49         0.04         0.00        8      0.152     
    21        105         -86.49         0.04         0.01        9      0.306     rotoscale
    22        110         -86.47         0.05         0.00        9      0.213     
    23        115         -86.45         0.06         0.00       12      0.232     
    24        120         -86.41         0.06         0.00       12       0.18     stable
    25        125         -86.41         0.06         0.00       15      0.157     stable
   Inf        125         -86.35         0.05         0.00       50      0.157     finalize

Inference terminated: variational solution stable for OPTIONS.TolStableCount fcn evaluations.
Estimated ELBO: -86.345 +/- 0.054.

