MATLAB is selecting SOFTWARE OPENGL rendering.

                            < M A T L A B (R) >
                  Copyright 1984-2018 The MathWorks, Inc.
              R2018b Update 2 (9.5.0.1033004) 64-bit (glnxa64)
                              January 5, 2019

 
To get started, type doc.
For product information, visit www.mathworks.com.
 
Beginning variational optimization assuming NOISY observations of the log-joint.
 Iteration  f-count    Mean[ELBO]    Std[ELBO]    sKL-iter[q]   K[q]  Convergence  Action
     1         10        -114.41         3.87    935221.32        2        Inf     start warm-up
     2         15        -109.87         0.80         7.52        2        Inf     
     3         20         -97.84         0.77        20.76        2        428     
     4         25         -92.54         0.48         7.63        2        162     
     5         30         -91.36         0.19         1.79        2       37.9     
     6         35         -90.56         0.36         1.76        2       36.7     
     7         40         -90.31         0.11         0.12        2       3.14     
     8         45         -90.24         0.07         0.03        2      0.918     
     9         50         -90.02         0.20         0.41        2       8.76     
    10         55         -90.06         0.07         0.04        2       1.13     end warm-up
    11         60         -90.01         0.05         0.02        2      0.648     
    12         65         -90.03         0.04         0.00        2      0.194     
    13         70         -89.98         0.04         0.01        5      0.408     
    14         75         -89.95         0.04         0.00        8      0.236     
    15         80         -89.92         0.04         0.00       11       0.17     
    16         80         -89.93         0.04         0.00       12      0.149     rotoscale
    17         85         -89.92         0.04         0.00       12      0.137     
    18         90         -89.90         0.03         0.00       15      0.166     
    19         95         -89.90         0.03         0.00       18     0.0913     stable
    20        100         -89.89         0.03         0.00       19      0.132     stable
   Inf        100         -89.86         0.03         0.00       50      0.132     finalize

Inference terminated: variational solution stable for OPTIONS.TolStableCount fcn evaluations.
Estimated ELBO: -89.861 +/- 0.033.

