MATLAB is selecting SOFTWARE OPENGL rendering.

                            < M A T L A B (R) >
                  Copyright 1984-2018 The MathWorks, Inc.
              R2018b Update 2 (9.5.0.1033004) 64-bit (glnxa64)
                              January 5, 2019

 
To get started, type doc.
For product information, visit www.mathworks.com.
 
Beginning variational optimization assuming NOISY observations of the log-joint.
 Iteration  f-count    Mean[ELBO]    Std[ELBO]    sKL-iter[q]   K[q]  Convergence  Action
     1         10        -100.49        10.27   1073411.27        2        Inf     start warm-up
     2         15         -79.15         0.50        42.97        2        Inf     
     3         20         -75.31         0.35         4.21        2       91.7     
     4         25         -74.22         0.38         1.15        2         26     
     5         30         -73.07         0.27         1.57        2       34.2     
     6         35         -72.84         0.07         0.36        2       7.73     
     7         40         -72.78         0.06         0.07        2       1.77     
     8         45         -72.79         0.05         0.08        2       1.62     end warm-up
     9         50         -72.74         0.05         0.00        2      0.366     
    10         55         -72.72         0.05         0.01        2      0.412     
    11         60         -72.75         0.04         0.01        5      0.294     
    12         65         -72.71         0.04         0.00        5      0.302     
    13         70         -72.68         0.03         0.00        8      0.204     
    14         70         -72.65         0.03         0.01        9      0.301     rotoscale
    15         75         -72.61         0.03         0.00       12        0.2     
    16         80         -72.60         0.03         0.00       14      0.135     
    17         85         -72.58         0.04         0.00       13      0.175     
    18         90         -72.57         0.03         0.00       13       0.12     stable
   Inf         90         -72.54         0.03         0.00       50       0.12     finalize

Inference terminated: variational solution stable for OPTIONS.TolStableCount fcn evaluations.
Estimated ELBO: -72.542 +/- 0.034.

