MATLAB is selecting SOFTWARE OPENGL rendering.

                            < M A T L A B (R) >
                  Copyright 1984-2018 The MathWorks, Inc.
              R2018b Update 2 (9.5.0.1033004) 64-bit (glnxa64)
                              January 5, 2019

 
To get started, type doc.
For product information, visit www.mathworks.com.
 
Beginning variational optimization assuming NOISY observations of the log-joint.
 Iteration  f-count    Mean[ELBO]    Std[ELBO]    sKL-iter[q]   K[q]  Convergence  Action
     1         10        -142.13         0.88   1316324.41        2        Inf     start warm-up
     2         15        -136.82         0.99         9.98        2        Inf     
     3         20        -134.68         1.22        20.88        2        409     
     4         25        -127.76         0.89         8.38        2        177     
     5         30        -119.88         0.86        18.78        2        381     
     6         35        -116.48         0.34         3.79        2       81.1     
     7         40        -115.64         0.15         0.50        2       11.8     
     8         45        -115.08         0.32         0.60        2       13.5     
     9         50        -114.31         0.34         0.72        2       16.3     
    10         55        -113.83         0.36         0.31        2       7.95     
    11         60        -113.64         0.14         0.15        2       3.63     
    12         65        -113.24         0.23         0.29        2       7.07     
    13         70        -113.14         0.12         0.11        2       2.55     
    14         75        -112.92         0.16         0.11        2       3.06     end warm-up
    15         80        -112.67         0.08         0.12        2       3.01     
    16         85        -112.62         0.09         0.08        2       1.91     
    17         90        -112.62         0.05         0.07        3        1.4     
    18         95        -112.58         0.05         0.00        4      0.273     
    19        100        -112.57         0.05         0.00        7      0.178     
    20        100        -112.55         0.04         0.01        8      0.364     rotoscale
    21        105        -112.52         0.06         0.01       10      0.345     
    22        110        -112.51         0.06         0.01        9      0.259     
    23        115        -112.54         0.04         0.00        8      0.194     
    24        120        -112.53         0.06         0.00        8      0.126     
    25        125        -112.53         0.07         0.01        8      0.212     
    26        125        -112.49         0.07         0.01        7      0.358     rotoscale
    27        130        -112.49         0.06         0.00        7      0.135     stable
    28        135        -112.51         0.04         0.00        8      0.128     stable
    29        140        -112.45         0.06         0.00        9      0.253     stable
    30        145        -112.45         0.06         0.00        9      0.122     stable
   Inf        145        -112.38         0.06         0.01       50      0.122     finalize

Inference terminated: variational solution stable for OPTIONS.TolStableCount fcn evaluations.
Estimated ELBO: -112.383 +/- 0.061.

