MATLAB is selecting SOFTWARE OPENGL rendering.

                            < M A T L A B (R) >
                  Copyright 1984-2018 The MathWorks, Inc.
              R2018b Update 2 (9.5.0.1033004) 64-bit (glnxa64)
                              January 5, 2019

 
To get started, type doc.
For product information, visit www.mathworks.com.
 
Beginning variational optimization assuming NOISY observations of the log-joint.
 Iteration  f-count    Mean[ELBO]    Std[ELBO]    sKL-iter[q]   K[q]  Convergence  Action
     1         10        -138.08         0.57   1312466.36        2        Inf     start warm-up
     2         15        -132.84         0.33         5.86        2        Inf     
     3         20        -123.52         0.42        12.43        2        261     
     4         25        -120.08         0.39         5.71        2        118     
     5         30        -115.87         0.50         9.58        2        194     
     6         35        -115.42         0.17         0.22        2        5.5     
     7         40        -114.52         0.27         0.57        2       13.6     
     8         45        -113.87         0.21         0.30        2       7.65     
     9         50        -113.45         0.23         0.15        2       4.39     
    10         55        -113.28         0.15         0.04        2       1.55     
    11         60        -112.87         0.14         0.30        2       7.12     
    12         65        -112.79         0.09         0.09        2       2.04     
    13         70        -112.46         0.22         0.43        2       9.44     end warm-up
    14         75        -112.23         0.18         0.23        2        5.3     
    15         80        -112.28         0.07         0.01        2      0.421     
    16         85        -112.29         0.06         0.02        5      0.551     
    17         90        -112.25         0.04         0.01        8      0.294     
    18         95        -112.22         0.05         0.01       11      0.255     
    19         95        -112.25         0.05         0.00       12      0.231     rotoscale
    20        100        -112.18         0.04         0.00       12      0.265     
    21        105        -112.17         0.04         0.00       15      0.159     
    22        110        -112.13         0.03         0.00       15      0.178     
    23        115        -112.14         0.03         0.00       17      0.119     
    24        120        -112.13         0.03         0.00       17      0.105     stable
   Inf        120        -112.09         0.03         0.00       50      0.105     finalize

Inference terminated: variational solution stable for OPTIONS.TolStableCount fcn evaluations.
Estimated ELBO: -112.092 +/- 0.034.

