MATLAB is selecting SOFTWARE OPENGL rendering.

                            < M A T L A B (R) >
                  Copyright 1984-2018 The MathWorks, Inc.
              R2018b Update 2 (9.5.0.1033004) 64-bit (glnxa64)
                              January 5, 2019

 
To get started, type doc.
For product information, visit www.mathworks.com.
 
Beginning variational optimization assuming NOISY observations of the log-joint.
 Iteration  f-count    Mean[ELBO]    Std[ELBO]    sKL-iter[q]   K[q]  Convergence  Action
     1         10         -69.54         0.42    975808.19        2        Inf     start warm-up
     2         15         -65.99         0.70         4.06        2        Inf     
     3         20         -65.71         0.39         0.98        2       20.8     
     4         25         -65.91         0.09         0.17        2       4.24     
     5         30         -65.89         0.05         0.01        2      0.393     end warm-up
     6         35         -65.84         0.04         0.00        2      0.325     
     7         40         -65.83         0.03         0.00        2      0.184     
     8         45         -65.79         0.03         0.00        5      0.235     
     9         50         -65.81         0.03         0.00        8       0.17     
    10         55         -65.81         0.03         0.00        8      0.103     
    11         55         -65.79         0.03         0.00        8      0.174     rotoscale
    12         60         -65.79         0.03         0.00       11      0.109     
    13         65         -65.78         0.03         0.00       11      0.165     
    14         70         -65.78         0.03         0.00       14      0.102     stable
    15         75         -65.76         0.02         0.00       14      0.149     stable
   Inf         75         -65.75         0.02         0.00       50      0.149     finalize

Inference terminated: variational solution stable for OPTIONS.TolStableCount fcn evaluations.
Estimated ELBO: -65.749 +/- 0.024.

