MATLAB is selecting SOFTWARE OPENGL rendering.

                            < M A T L A B (R) >
                  Copyright 1984-2018 The MathWorks, Inc.
              R2018b Update 2 (9.5.0.1033004) 64-bit (glnxa64)
                              January 5, 2019

 
To get started, type doc.
For product information, visit www.mathworks.com.
 
Beginning variational optimization assuming NOISY observations of the log-joint.
 Iteration  f-count    Mean[ELBO]    Std[ELBO]    sKL-iter[q]   K[q]  Convergence  Action
     1         10         -67.50         0.89    905034.10        2        Inf     start warm-up
     2         15         -65.84         0.38         3.45        2        Inf     
     3         20         -64.07         0.36         1.26        2       31.2     
     4         25         -63.60         1.30         0.79        2         21     
     5         30         -63.60         0.20         0.20        2       4.51     end warm-up
     6         35         -63.51         0.03         0.04        2       1.19     
     7         40         -63.50         0.03         0.01        2      0.241     
     8         45         -63.50         0.03         0.00        5      0.171     
     9         50         -63.48         0.02         0.00        5      0.171     
    10         55         -63.47         0.02         0.00        8      0.168     
    11         55         -63.46         0.02         0.01        9      0.315     rotoscale
    12         60         -63.46         0.02         0.00       12      0.147     
    13         65         -63.44         0.02         0.00       15      0.205     
    14         70         -63.44         0.02         0.00       16      0.102     
    15         75         -63.43         0.02         0.00       17      0.114     
    16         80         -63.41         0.02         0.00       18       0.12     stable
   Inf         80         -63.39         0.02         0.00       50       0.12     finalize

Inference terminated: variational solution stable for OPTIONS.TolStableCount fcn evaluations.
Estimated ELBO: -63.393 +/- 0.020.

