MATLAB is selecting SOFTWARE OPENGL rendering.

                            < M A T L A B (R) >
                  Copyright 1984-2018 The MathWorks, Inc.
              R2018b Update 2 (9.5.0.1033004) 64-bit (glnxa64)
                              January 5, 2019

 
To get started, type doc.
For product information, visit www.mathworks.com.
 
Beginning variational optimization assuming NOISY observations of the log-joint.
 Iteration  f-count    Mean[ELBO]    Std[ELBO]    sKL-iter[q]   K[q]  Convergence  Action
     1         10         -74.37         4.37   1168058.49        2        Inf     start warm-up
     2         15         -62.34         1.43        19.83        2        Inf     
     3         20         -58.81         0.97        11.36        2        234     
     4         25         -57.84         0.42         1.55        2       34.4     
     5         30         -57.55         0.22         0.06        2       2.82     
     6         35         -56.79         1.83         1.93        2       45.8     
     7         40         -56.90         0.10         1.67        2       32.9     
     8         45         -56.32         0.99         0.89        2       21.5     
     9         50         -56.72         0.10         0.10        2        3.6     
    10         55         -56.66         0.15         0.24        2       5.23     end warm-up
    11         60         -56.62         0.05         0.15        2       3.25     
    12         65         -56.66         0.05         0.00        2      0.259     
    13         70         -56.56         0.05         0.01        5      0.475     
    14         75         -56.51         0.04         0.01        8      0.361     
    15         80         -56.48         0.04         0.00       11      0.207     
    16         80         -56.49         0.03         0.01       12      0.377     rotoscale
    17         85         -56.44         0.03         0.01       14      0.484     
    18         90         -56.42         0.04         0.00       14      0.167     
    19         95         -56.44         0.03         0.00       13      0.143     
    20        100         -56.43         0.03         0.00       13      0.115     
    21        105         -56.43         0.03         0.00       14     0.0891     stable
   Inf        105         -56.39         0.03         0.00       50     0.0891     finalize

Inference terminated: variational solution stable for OPTIONS.TolStableCount fcn evaluations.
Estimated ELBO: -56.389 +/- 0.031.

