MATLAB is selecting SOFTWARE OPENGL rendering.

                            < M A T L A B (R) >
                  Copyright 1984-2018 The MathWorks, Inc.
              R2018b Update 2 (9.5.0.1033004) 64-bit (glnxa64)
                              January 5, 2019

 
To get started, type doc.
For product information, visit www.mathworks.com.
 
Beginning variational optimization assuming NOISY observations of the log-joint.
 Iteration  f-count    Mean[ELBO]    Std[ELBO]    sKL-iter[q]   K[q]  Convergence  Action
     1         10        -112.06         3.50   1229357.48        2        Inf     start warm-up
     2         15        -106.74         0.38         5.65        2        Inf     
     3         20        -103.55         0.38         2.26        2       52.6     
     4         25         -98.83         0.54         2.14        2       54.3     
     5         30         -93.87         0.43         5.61        2        121     
     6         35         -92.85         0.65         1.26        2       28.5     
     7         40         -92.59         0.16         0.37        2       8.15     
     8         45         -92.37         0.11         0.07        2       2.13     
     9         50         -92.19         0.10         0.06        2       1.89     
    10         55         -92.06         0.07         0.06        2       1.66     end warm-up
    11         60         -91.95         0.04         0.08        2       1.93     
    12         65         -91.90         0.07         0.02        2      0.568     
    13         70         -91.88         0.04         0.01        5      0.314     
    14         75         -91.86         0.04         0.01        8      0.251     
    15         80         -91.84         0.04         0.00       11      0.216     
    16         80         -91.79         0.05         0.01       12      0.433     rotoscale
    17         85         -91.77         0.06         0.00       15      0.222     
    18         90         -91.77         0.06         0.00       15      0.127     
    19         95         -91.74         0.06         0.00       15      0.176     
    20        100         -91.75         0.05         0.00       17      0.148     
    21        105         -91.75         0.05         0.00       17       0.12     stable
   Inf        105         -91.72         0.05         0.00       50       0.12     finalize

Inference terminated: variational solution stable for OPTIONS.TolStableCount fcn evaluations.
Estimated ELBO: -91.724 +/- 0.048.

