MATLAB is selecting SOFTWARE OPENGL rendering.

                            < M A T L A B (R) >
                  Copyright 1984-2018 The MathWorks, Inc.
              R2018b Update 2 (9.5.0.1033004) 64-bit (glnxa64)
                              January 5, 2019

 
To get started, type doc.
For product information, visit www.mathworks.com.
 
Beginning variational optimization assuming NOISY observations of the log-joint.
 Iteration  f-count    Mean[ELBO]    Std[ELBO]    sKL-iter[q]   K[q]  Convergence  Action
     1         10        -108.32         2.02   1262084.14        2        Inf     start warm-up
     2         15         -93.22         0.87        17.54        2        Inf     
     3         20         -89.11         0.46         5.20        2        108     
     4         25         -87.74         0.27         1.43        2       30.5     
     5         30         -85.92         0.29         1.94        2       41.1     
     6         35         -85.62         0.39         0.39        2       8.81     
     7         40         -85.36         0.17         0.23        2       5.15     
     8         45         -84.41         0.31         3.77        2       74.9     
     9         50         -84.22         0.15         0.26        2       5.59     
    10         55         -84.12         0.11         0.06        2       1.54     
    11         60         -84.11         0.11         0.06        2       1.42     end warm-up
    12         65         -84.00         0.12         0.07        2       1.72     
    13         70         -83.89         0.09         0.02        2       0.66     
    14         75         -83.76         0.11         0.02        5      0.725     
    15         80         -83.74         0.07         0.00        8      0.236     
    16         85         -83.67         0.07         0.01       11       0.51     
    17         85         -83.63         0.09         0.02       12      0.564     rotoscale
    18         90         -83.57         0.07         0.00       12      0.313     
    19         95         -83.62         0.09         0.02       15      0.594     
    20        100         -83.59         0.10         0.01       15      0.312     
    21        105         -83.59         0.09         0.01       15       0.24     
    22        110         -83.59         0.09         0.00       15      0.172     stable
   Inf        110         -83.56         0.09         0.00       50      0.172     finalize

Inference terminated: variational solution stable for OPTIONS.TolStableCount fcn evaluations.
Estimated ELBO: -83.555 +/- 0.088.

