MATLAB is selecting SOFTWARE OPENGL rendering.

                            < M A T L A B (R) >
                  Copyright 1984-2018 The MathWorks, Inc.
              R2018b Update 2 (9.5.0.1033004) 64-bit (glnxa64)
                              January 5, 2019

 
To get started, type doc.
For product information, visit www.mathworks.com.
 
Beginning variational optimization assuming NOISY observations of the log-joint.
 Iteration  f-count    Mean[ELBO]    Std[ELBO]    sKL-iter[q]   K[q]  Convergence  Action
     1         10         -62.41         2.51   1114891.49        2        Inf     start warm-up
     2         15         -56.12         0.18         9.71        2        Inf     
     3         20         -54.63         0.56         2.96        2       63.4     
     4         25         -49.14         1.68        15.89        2        328     
     5         30         -49.42         0.06         0.38        2        8.5     
     6         35         -48.86         0.33         1.19        2       25.9     
     7         40         -48.80         0.71         0.47        2       11.6     
     8         45         -48.74         0.11         0.19        2       4.13     end warm-up
     9         50         -48.31         0.13         0.33        2       7.43     
    10         55         -48.35         0.04         0.06        2        1.5     
    11         60         -48.41         0.03         0.03        3      0.913     
    12         65         -48.40         0.03         0.00        3      0.147     
    13         70         -48.38         0.03         0.00        6      0.195     
    14         70         -48.41         0.03         0.02        7      0.574     rotoscale
    15         75         -48.39         0.04         0.01        7      0.248     
    16         80         -48.37         0.02         0.00        7      0.238     
    17         85         -48.32         0.02         0.00       10      0.284     
    18         90         -48.32         0.02         0.00       13      0.122     
    19         95         -48.30         0.02         0.00       13      0.151     
    20         95         -48.31         0.02         0.00       13     0.0949     rotoscale, stable
    21        100         -48.30         0.02         0.00       13      0.112     stable
    22        105         -48.29         0.02         0.00       14      0.103     stable
    23        110         -48.30         0.02         0.00       15     0.0903     stable
    24        115         -48.29         0.02         0.00       14      0.107     stable
   Inf        115         -48.26         0.02         0.00       50      0.107     finalize

Inference terminated: variational solution stable for OPTIONS.TolStableCount fcn evaluations.
Estimated ELBO: -48.264 +/- 0.017.

