MATLAB is selecting SOFTWARE OPENGL rendering.

                            < M A T L A B (R) >
                  Copyright 1984-2018 The MathWorks, Inc.
              R2018b Update 2 (9.5.0.1033004) 64-bit (glnxa64)
                              January 5, 2019

 
To get started, type doc.
For product information, visit www.mathworks.com.
 
Beginning variational optimization assuming NOISY observations of the log-joint.
 Iteration  f-count    Mean[ELBO]    Std[ELBO]    sKL-iter[q]   K[q]  Convergence  Action
     1         10        -128.95         7.22    683580.60        2        Inf     start warm-up
     2         15        -118.66         1.23        12.86        2        Inf     
     3         20        -113.69         0.93         1.62        2         45     
     4         25        -105.00         0.35         8.80        2        191     
     5         30        -103.10         0.91         1.58        2       37.5     
     6         35        -102.56         0.22         0.23        2       6.32     
     7         40        -101.59         0.25         1.36        2       29.3     
     8         45        -101.19         0.10         0.33        2       7.72     
     9         50        -100.92         0.09         0.16        2       3.99     
    10         55        -100.80         0.07         0.06        2       1.63     
    11         60        -100.73         0.05         0.05        2       1.25     end warm-up
    12         65        -100.71         0.04         0.01        2      0.298     
    13         70        -100.68         0.04         0.01        2      0.293     
    14         75        -100.65         0.03         0.00        5      0.203     
    15         80        -100.62         0.03         0.00        8        0.2     
    16         85        -100.60         0.03         0.00       11      0.174     
    17         85        -100.55         0.04         0.01       12      0.367     rotoscale
    18         90        -100.53         0.03         0.00       15      0.198     
    19         95        -100.50         0.03         0.00       18      0.173     
    20        100        -100.52         0.03         0.00       19       0.17     
    21        105        -100.50         0.03         0.00       18      0.189     stable
   Inf        105        -100.43         0.04         0.01       50      0.189     finalize

Inference terminated: variational solution stable for OPTIONS.TolStableCount fcn evaluations.
Estimated ELBO: -100.431 +/- 0.039.

