MATLAB is selecting SOFTWARE OPENGL rendering.

                            < M A T L A B (R) >
                  Copyright 1984-2018 The MathWorks, Inc.
              R2018b Update 2 (9.5.0.1033004) 64-bit (glnxa64)
                              January 5, 2019

 
To get started, type doc.
For product information, visit www.mathworks.com.
 
Beginning variational optimization assuming NOISY observations of the log-joint.
 Iteration  f-count    Mean[ELBO]    Std[ELBO]    sKL-iter[q]   K[q]  Convergence  Action
     1         10        -101.09         1.32   1203732.49        2        Inf     start warm-up
     2         15        -100.89         1.18         6.35        2        Inf     
     3         20         -95.83         0.57         6.30        2        137     
     4         25         -94.10         0.36         2.38        2       51.5     
     5         30         -93.22         0.27         0.50        2       12.6     
     6         35         -92.90         0.16         0.14        2       3.98     
     7         40         -92.67         0.09         0.07        2       2.11     
     8         45         -92.66         0.08         0.04        2      0.949     
     9         50         -92.57         0.05         0.10        2       2.33     end warm-up
    10         55         -92.52         0.05         0.00        2      0.335     
    11         60         -92.54         0.04         0.00        2      0.198     
    12         65         -92.51         0.04         0.00        5      0.244     
    13         70         -92.47         0.04         0.02        8      0.555     
    14         75         -92.43         0.04         0.00       11      0.222     
    15         75         -92.47         0.05         0.01       12       0.32     rotoscale
    16         80         -92.46         0.04         0.00       12      0.201     
    17         85         -92.46         0.04         0.00       12       0.13     
    18         90         -92.44         0.03         0.00       12      0.142     stable
    19         95         -92.46         0.04         0.00       14      0.155     stable
   Inf         95         -92.45         0.04         0.00       50      0.155     finalize

Inference terminated: variational solution stable for OPTIONS.TolStableCount fcn evaluations.
Estimated ELBO: -92.447 +/- 0.037.

