MATLAB is selecting SOFTWARE OPENGL rendering.

                            < M A T L A B (R) >
                  Copyright 1984-2018 The MathWorks, Inc.
              R2018b Update 2 (9.5.0.1033004) 64-bit (glnxa64)
                              January 5, 2019

 
To get started, type doc.
For product information, visit www.mathworks.com.
 
Beginning variational optimization assuming NOISY observations of the log-joint.
 Iteration  f-count    Mean[ELBO]    Std[ELBO]    sKL-iter[q]   K[q]  Convergence  Action
     1         10         -82.02         2.30   1219151.10        2        Inf     start warm-up
     2         15         -75.87         0.37         6.92        2        Inf     
     3         20         -70.00         0.55        17.86        2        360     
     4         25         -68.86         0.56         1.49        2       33.1     
     5         30         -68.92         0.14         0.26        2       5.54     
     6         35         -68.87         0.06         0.10        2       2.18     
     7         40         -68.78         0.05         0.04        2       1.04     
     8         45         -68.79         0.04         0.01        2      0.258     end warm-up
     9         50         -68.77         0.04         0.01        2      0.265     
    10         55         -68.74         0.04         0.00        2      0.232     
    11         60         -68.71         0.04         0.00        5       0.25     
    12         65         -68.71         0.04         0.00        8      0.125     
    13         70         -68.68         0.03         0.00        8      0.198     
    14         70         -68.64         0.03         0.02        9      0.645     rotoscale
    15         75         -68.64         0.03         0.00       10      0.152     
    16         80         -68.63         0.03         0.00       10      0.131     
    17         85         -68.62         0.03         0.00       11      0.106     stable
    18         90         -68.61         0.03         0.01       11      0.241     stable
   Inf         90         -68.58         0.03         0.01       50      0.241     finalize

Inference terminated: variational solution stable for OPTIONS.TolStableCount fcn evaluations.
Estimated ELBO: -68.581 +/- 0.032.

