MATLAB is selecting SOFTWARE OPENGL rendering.

                            < M A T L A B (R) >
                  Copyright 1984-2018 The MathWorks, Inc.
              R2018b Update 2 (9.5.0.1033004) 64-bit (glnxa64)
                              January 5, 2019

 
To get started, type doc.
For product information, visit www.mathworks.com.
 
Beginning variational optimization assuming NOISY observations of the log-joint.
 Iteration  f-count    Mean[ELBO]    Std[ELBO]    sKL-iter[q]   K[q]  Convergence  Action
     1         10         -92.49         1.53   1013490.72        2        Inf     start warm-up
     2         15         -88.08         0.92         5.95        2        Inf     
     3         20         -87.80         0.50         0.54        2       11.9     
     4         25         -86.24         0.46         2.84        2       58.4     
     5         30         -85.96         0.21         0.17        2       4.28     
     6         35         -85.50         0.10         0.26        2       5.97     
     7         40         -85.17         0.38         0.22        2       5.59     
     8         45         -85.22         0.10         0.08        2       1.85     
     9         50         -85.18         0.09         0.06        2       1.43     end warm-up
    10         55         -85.03         0.09         0.01        2      0.681     
    11         60         -85.04         0.08         0.00        2      0.193     
    12         65         -85.07         0.07         0.01        5      0.307     
    13         70         -85.06         0.07         0.00        5      0.144     
    14         75         -85.02         0.06         0.00        8      0.259     
    15         75         -85.02         0.06         0.00        9      0.146     rotoscale
    16         80         -85.02         0.06         0.00       11      0.147     
    17         85         -85.00         0.06         0.00       11      0.164     
    18         90         -85.01         0.06         0.00       12      0.142     
    19         95         -85.03         0.05         0.00       12      0.207     stable
   Inf         95         -85.01         0.05         0.00       50      0.207     finalize

Inference terminated: variational solution stable for OPTIONS.TolStableCount fcn evaluations.
Estimated ELBO: -85.015 +/- 0.052.

