MATLAB is selecting SOFTWARE OPENGL rendering.

                            < M A T L A B (R) >
                  Copyright 1984-2018 The MathWorks, Inc.
              R2018b Update 2 (9.5.0.1033004) 64-bit (glnxa64)
                              January 5, 2019

 
To get started, type doc.
For product information, visit www.mathworks.com.
 
Beginning variational optimization assuming NOISY observations of the log-joint.
 Iteration  f-count    Mean[ELBO]    Std[ELBO]    sKL-iter[q]   K[q]  Convergence  Action
     1         10         -96.57        12.71    963751.89        2        Inf     start warm-up
     2         15         -97.15         1.03        17.19        2        Inf     
     3         20         -94.65         1.05         7.90        2        161     
     4         25         -95.21         0.15         1.12        2       23.3     
     5         30         -94.78         1.29         1.19        2       27.3     
     6         35         -94.83         0.10         0.32        2        6.6     
     7         40         -93.85         2.64         0.81        2       24.8     end warm-up
     8         45         -94.13         0.24         0.47        2       10.4     
     9         50         -94.21         0.06         0.15        2       3.19     
    10         55         -94.23         0.05         0.01        3      0.319     
    11         60         -94.21         0.05         0.01        6      0.273     
    12         65         -94.23         0.05         0.01        9      0.318     
    13         65         -94.24         0.06         0.03        9      0.791     rotoscale
    14         70         -94.27         0.04         0.00        9      0.247     
    15         75         -94.26         0.04         0.00        9      0.182     
    16         80         -94.24         0.08         0.00        9      0.209     
    17         85         -94.27         0.04         0.00        9      0.221     
    18         90         -94.22         0.07         0.01        9      0.303     
    19         90         -94.23         0.07         0.02        9      0.495     rotoscale, stable
    20         95         -94.18         0.08         0.01        9      0.315     stable
    21        100         -94.19         0.06         0.00        9      0.138     stable
    22        105         -94.16         0.06         0.00       12      0.163     stable
    23        110         -94.18         0.05         0.00       14      0.212     stable
   Inf        110         -94.13         0.05         0.00       50      0.212     finalize

Inference terminated: variational solution stable for OPTIONS.TolStableCount fcn evaluations.
Estimated ELBO: -94.128 +/- 0.050.

