MATLAB is selecting SOFTWARE OPENGL rendering.

                            < M A T L A B (R) >
                  Copyright 1984-2018 The MathWorks, Inc.
              R2018b Update 2 (9.5.0.1033004) 64-bit (glnxa64)
                              January 5, 2019

 
To get started, type doc.
For product information, visit www.mathworks.com.
 
Beginning variational optimization assuming NOISY observations of the log-joint.
 Iteration  f-count    Mean[ELBO]    Std[ELBO]    sKL-iter[q]   K[q]  Convergence  Action
     1         10         -50.92         0.84   1034818.56        2        Inf     start warm-up
     2         15         -49.07         0.47         1.88        2        Inf     
     3         20         -46.06         1.33         2.86        2       69.4     
     4         25         -46.65         0.28         0.80        2       18.3     
     5         30         -46.34         0.32         0.22        2       6.27     
     6         35         -44.94         0.94         1.30        2       32.9     
     7         40         -45.22         2.03         1.13        2       29.4     end warm-up
     8         45         -46.01         0.13         1.38        2       29.6     
     9         50         -45.80         0.08         0.31        2       6.79     
    10         55         -45.79         0.05         0.01        3      0.391     
    11         60         -45.82         0.04         0.01        6      0.421     
    12         65         -45.77         0.02         0.01        9      0.357     
    13         65         -45.76         0.02         0.01       10      0.349     rotoscale
    14         70         -45.72         0.02         0.00       13      0.198     
    15         75         -45.72         0.04         0.01       16      0.265     
    16         80         -45.68         0.03         0.00       14      0.265     
    17         85         -45.64         0.03         0.00       14      0.194     
    18         90         -45.66         0.03         0.00       15       0.19     
    19         90         -45.65         0.03         0.00       15      0.167     rotoscale, stable
    20         95         -45.65         0.03         0.00       15     0.0923     stable
    21        100         -45.63         0.03         0.00       15      0.153     stable
    22        105         -45.64         0.05         0.00       18      0.154     stable
    23        110         -45.63         0.04         0.00       18       0.14     stable
   Inf        110         -45.61         0.04         0.01       50       0.14     finalize

Inference terminated: variational solution stable for OPTIONS.TolStableCount fcn evaluations.
Estimated ELBO: -45.606 +/- 0.040.

