MATLAB is selecting SOFTWARE OPENGL rendering.

                            < M A T L A B (R) >
                  Copyright 1984-2018 The MathWorks, Inc.
              R2018b Update 2 (9.5.0.1033004) 64-bit (glnxa64)
                              January 5, 2019

 
To get started, type doc.
For product information, visit www.mathworks.com.
 
Beginning variational optimization assuming NOISY observations of the log-joint.
 Iteration  f-count    Mean[ELBO]    Std[ELBO]    sKL-iter[q]   K[q]  Convergence  Action
     1         10         -69.00         4.44    596605.12        2        Inf     start warm-up
     2         15         -64.82         0.98        30.65        2        Inf     
     3         20         -63.14         0.29         3.87        2       79.9     
     4         25         -62.41         0.40         0.53        2       13.4     
     5         30         -61.94         1.11         0.18        2       7.84     end warm-up
     6         35         -61.79         0.16         0.16        2       3.97     
     7         40         -61.67         0.11         0.16        2       3.81     
     8         45         -61.68         0.06         0.10        3       2.04     
     9         50         -61.62         0.06         0.01        4      0.599     
    10         55         -61.63         0.05         0.01        7       0.34     
    11         55         -61.59         0.05         0.02        8      0.577     rotoscale
    12         60         -61.60         0.05         0.00       10      0.225     
    13         65         -61.59         0.04         0.01       10      0.282     
    14         70         -61.53         0.04         0.01       11      0.351     
    15         75         -61.52         0.05         0.01       12      0.278     
    16         80         -61.51         0.04         0.00       11      0.144     
    17         80         -61.51         0.03         0.00       11      0.139     rotoscale
    18         85         -61.51         0.03         0.00       12       0.15     stable
    19         90         -61.52         0.03         0.01       13      0.371     stable
    20         95         -61.53         0.03         0.00       13      0.136     stable
    21        100         -61.55         0.03         0.00       12      0.168     stable
   Inf        100         -61.51         0.03         0.00       50      0.168     finalize

Inference terminated: variational solution stable for OPTIONS.TolStableCount fcn evaluations.
Estimated ELBO: -61.510 +/- 0.029.

