MATLAB is selecting SOFTWARE OPENGL rendering.

                            < M A T L A B (R) >
                  Copyright 1984-2018 The MathWorks, Inc.
              R2018b Update 2 (9.5.0.1033004) 64-bit (glnxa64)
                              January 5, 2019

 
To get started, type doc.
For product information, visit www.mathworks.com.
 
Beginning variational optimization assuming NOISY observations of the log-joint.
 Iteration  f-count    Mean[ELBO]    Std[ELBO]    sKL-iter[q]   K[q]  Convergence  Action
     1         10         -73.67         3.48   1331644.01        2        Inf     start warm-up
     2         15         -63.30         0.75         8.61        2        Inf     
     3         20         -60.09         0.27         5.36        2        115     
     4         25         -58.38         0.45         4.41        2       92.1     
     5         30         -56.52         0.94         4.57        2       97.3     
     6         35         -56.68         0.24         0.80        2       16.8     
     7         40         -56.70         0.24         0.41        2       8.78     
     8         45         -56.72         0.12         0.56        2       11.1     
     9         50         -56.68         0.08         0.02        2      0.803     end warm-up
    10         55         -56.53         0.05         0.03        2       1.16     
    11         60         -56.54         0.04         0.01        2      0.435     
    12         65         -56.52         0.03         0.02        5      0.466     
    13         70         -56.50         0.05         0.01        8      0.281     
    14         75         -56.46         0.05         0.01        8      0.344     
    15         75         -56.45         0.06         0.01        8      0.268     rotoscale
    16         80         -56.39         0.05         0.01        8      0.382     
    17         85         -56.38         0.04         0.00       11      0.166     
    18         90         -56.37         0.05         0.00       13      0.132     
    19         95         -56.41         0.04         0.00       13      0.235     stable
   Inf         95         -56.36         0.04         0.00       50      0.235     finalize

Inference terminated: variational solution stable for OPTIONS.TolStableCount fcn evaluations.
Estimated ELBO: -56.361 +/- 0.042.

