MATLAB is selecting SOFTWARE OPENGL rendering.

                            < M A T L A B (R) >
                  Copyright 1984-2018 The MathWorks, Inc.
              R2018b Update 2 (9.5.0.1033004) 64-bit (glnxa64)
                              January 5, 2019

 
To get started, type doc.
For product information, visit www.mathworks.com.
 
Beginning variational optimization assuming NOISY observations of the log-joint.
 Iteration  f-count    Mean[ELBO]    Std[ELBO]    sKL-iter[q]   K[q]  Convergence  Action
     1         10         -50.46         1.42    937183.35        2        Inf     start warm-up
     2         15         -51.26         0.24         0.17        2        Inf     
     3         20         -50.16         0.14         0.95        2       22.4     
     4         25         -49.98         0.16         0.10        2       3.09     
     5         30         -49.44         0.05         0.33        2       8.27     end warm-up
     6         35         -49.41         0.03         0.03        2      0.844     
     7         40         -49.35         0.02         0.00        2      0.333     
     8         45         -49.27         0.02         0.01        5      0.418     
     9         50         -49.26         0.01         0.00        8      0.148     
    10         55         -49.24         0.01         0.00       10      0.214     
    11         55         -49.23         0.02         0.00       10      0.126     rotoscale
    12         60         -49.24         0.02         0.00       11      0.101     
    13         65         -49.24         0.01         0.00       11     0.0815     
    14         70         -49.23         0.01         0.00       11      0.107     
    15         75         -49.23         0.01         0.00       14     0.0904     stable
   Inf         75         -49.21         0.01         0.00       50     0.0904     finalize

Inference terminated: variational solution stable for OPTIONS.TolStableCount fcn evaluations.
Estimated ELBO: -49.209 +/- 0.013.

