MATLAB is selecting SOFTWARE OPENGL rendering.

                            < M A T L A B (R) >
                  Copyright 1984-2018 The MathWorks, Inc.
              R2018b Update 2 (9.5.0.1033004) 64-bit (glnxa64)
                              January 5, 2019

 
To get started, type doc.
For product information, visit www.mathworks.com.
 
Beginning variational optimization assuming NOISY observations of the log-joint.
 Iteration  f-count    Mean[ELBO]    Std[ELBO]    sKL-iter[q]   K[q]  Convergence  Action
     1         10         -82.98         5.87    776629.88        2        Inf     start warm-up
     2         15         -85.19         1.88         3.14        2        Inf     
     3         20         -83.32         0.15         1.81        2       41.5     
     4         25         -83.28         0.07         0.03        2       0.98     
     5         30         -82.99         0.10         0.28        2       6.65     
     6         35         -82.91         0.08         0.01        2      0.836     end warm-up
     7         40         -82.83         0.06         0.03        2      0.921     
     8         45         -82.88         0.03         0.01        2      0.389     
     9         50         -82.83         0.03         0.00        5      0.326     
    10         55         -82.80         0.03         0.01        8      0.328     
    11         60         -82.78         0.03         0.00       11      0.205     
    12         60         -82.82         0.03         0.01       12      0.418     rotoscale
    13         65         -82.80         0.03         0.01       12      0.278     
    14         70         -82.76         0.02         0.00       12      0.234     stable
    15         75         -82.75         0.02         0.00       15      0.115     stable
    16         80         -82.76         0.02         0.00       18      0.108     stable
   Inf         80         -82.71         0.02         0.00       50      0.108     finalize

Inference terminated: variational solution stable for OPTIONS.TolStableCount fcn evaluations.
Estimated ELBO: -82.714 +/- 0.022.

