MATLAB is selecting SOFTWARE OPENGL rendering.

                            < M A T L A B (R) >
                  Copyright 1984-2018 The MathWorks, Inc.
              R2018b Update 2 (9.5.0.1033004) 64-bit (glnxa64)
                              January 5, 2019

 
To get started, type doc.
For product information, visit www.mathworks.com.
 
Beginning variational optimization assuming NOISY observations of the log-joint.
 Iteration  f-count    Mean[ELBO]    Std[ELBO]    sKL-iter[q]   K[q]  Convergence  Action
     1         10         -53.47         1.11   1662620.58        2        Inf     start warm-up
     2         15         -46.81         0.26         7.08        2        Inf     
     3         20         -44.66         0.20         3.35        2       72.2     
     4         25         -43.13         0.61         1.42        2       34.6     
     5         30         -43.46         0.08         0.17        2        4.7     
     6         35         -43.42         0.07         0.08        2       1.99     
     7         40         -43.39         0.04         0.01        2        0.5     
     8         45         -43.37         0.03         0.01        2      0.315     end warm-up
     9         50         -43.38         0.03         0.02        2      0.533     
    10         55         -43.39         0.02         0.00        2      0.165     
    11         60         -43.39         0.02         0.00        5      0.113     
    12         65         -43.36         0.02         0.00        8      0.194     
    13         70         -43.36         0.02         0.01       11      0.174     
    14         70         -43.35         0.02         0.00       12      0.177     rotoscale
    15         75         -43.35         0.02         0.00       12      0.117     
    16         80         -43.31         0.02         0.00       14      0.217     stable
    17         85         -43.29         0.02         0.00       14      0.152     stable
    18         90         -43.29         0.02         0.00       15     0.0978     stable
   Inf         90         -43.24         0.02         0.00       50     0.0978     finalize

Inference terminated: variational solution stable for OPTIONS.TolStableCount fcn evaluations.
Estimated ELBO: -43.242 +/- 0.020.

