MATLAB is selecting SOFTWARE OPENGL rendering.

                            < M A T L A B (R) >
                  Copyright 1984-2018 The MathWorks, Inc.
              R2018b Update 2 (9.5.0.1033004) 64-bit (glnxa64)
                              January 5, 2019

 
To get started, type doc.
For product information, visit www.mathworks.com.
 
Beginning variational optimization assuming NOISY observations of the log-joint.
 Iteration  f-count    Mean[ELBO]    Std[ELBO]    sKL-iter[q]   K[q]  Convergence  Action
     1         10         -74.43         3.56   1181648.31        2        Inf     start warm-up
     2         15         -68.56         0.50        12.92        2        Inf     
     3         20         -66.27         0.14         2.38        2       52.9     
     4         25         -64.53         0.80         2.93        2       63.7     
     5         30         -64.03         0.86         1.76        2       37.6     
     6         35         -63.44         0.31         1.66        2       34.7     
     7         40         -59.93         5.63       226.63        2   4.39e+03     
     8         45         -63.70         0.31        92.04        2   1.78e+03     
     9         50         -62.71         0.56         1.35        2       30.4     end warm-up
    10         55         -62.30         0.33         1.36        2       28.4     
    11         60         -62.29         0.19         0.15        2       3.23     
    12         65         -62.30         0.12         0.15        3       3.33     
    13         70         -62.16         0.09         0.05        4       1.58     
    14         75         -62.24         0.08         0.02        5       0.71     
    15         75         -62.16         0.14         0.07        5        1.7     rotoscale
    16         80         -62.10         0.11         0.05        5       1.14     
    17         85         -62.15         0.07         0.01        5      0.485     
    18         90         -62.14         0.07         0.00        8      0.204     
    19         95         -62.09         0.06         0.01       11      0.325     
    20        100         -62.04         0.07         0.00       14      0.247     
    21        100         -62.00         0.04         0.01       15      0.406     rotoscale
    22        105         -62.01         0.04         0.00       18      0.198     
    23        110         -61.99         0.06         0.00       16      0.254     
    24        115         -61.98         0.06         0.00       16       0.13     
    25        120         -61.98         0.05         0.00       16      0.117     stable
   Inf        120         -61.95         0.05         0.00       50      0.117     finalize

Inference terminated: variational solution stable for OPTIONS.TolStableCount fcn evaluations.
Estimated ELBO: -61.950 +/- 0.053.

