MATLAB is selecting SOFTWARE OPENGL rendering.

                            < M A T L A B (R) >
                  Copyright 1984-2018 The MathWorks, Inc.
              R2018b Update 2 (9.5.0.1033004) 64-bit (glnxa64)
                              January 5, 2019

 
To get started, type doc.
For product information, visit www.mathworks.com.
 
Beginning variational optimization assuming NOISY observations of the log-joint.
 Iteration  f-count    Mean[ELBO]    Std[ELBO]    sKL-iter[q]   K[q]  Convergence  Action
     1         10        -114.20         2.89   1413518.36        2        Inf     start warm-up
     2         15        -106.26         0.29         3.36        2        Inf     
     3         20        -107.55         0.54         0.70        2       18.6     
     4         25        -101.42         0.49         5.51        2        123     
     5         30         -95.04         0.61         6.40        2        140     
     6         35         -94.49         0.21         0.88        2       18.8     
     7         40         -93.48         0.13         0.97        2       21.5     
     8         45         -92.99         0.20         0.57        2       12.7     
     9         50         -92.57         0.17         0.68        2       14.6     
    10         55         -92.50         0.10         0.05        2        1.3     
    11         60         -92.51         0.08         0.07        2       1.55     end warm-up
    12         65         -92.48         0.05         0.04        2      0.997     
    13         70         -92.44         0.04         0.01        2      0.408     
    14         75         -92.41         0.04         0.01        5      0.405     
    15         80         -92.37         0.03         0.01        8      0.286     
    16         85         -92.33         0.03         0.01       11      0.412     
    17         85         -92.28         0.04         0.00       12      0.298     rotoscale
    18         90         -92.24         0.04         0.00       15      0.288     
    19         95         -92.22         0.04         0.00       17      0.206     
    20        100         -92.23         0.04         0.00       17      0.167     
    21        105         -92.22         0.05         0.00       17      0.132     stable
   Inf        105         -92.21         0.05         0.00       50      0.132     finalize

Inference terminated: variational solution stable for OPTIONS.TolStableCount fcn evaluations.
Estimated ELBO: -92.206 +/- 0.053.

