MATLAB is selecting SOFTWARE OPENGL rendering.

                            < M A T L A B (R) >
                  Copyright 1984-2018 The MathWorks, Inc.
              R2018b Update 2 (9.5.0.1033004) 64-bit (glnxa64)
                              January 5, 2019

 
To get started, type doc.
For product information, visit www.mathworks.com.
 
Beginning variational optimization assuming NOISY observations of the log-joint.
 Iteration  f-count    Mean[ELBO]    Std[ELBO]    sKL-iter[q]   K[q]  Convergence  Action
     1         10        -108.62         1.66   1259825.58        2        Inf     start warm-up
     2         15         -97.15         1.66        14.62        2        Inf     
     3         20         -90.18         2.90         2.79        2       82.5     
     4         25         -88.28         1.92         5.81        2        122     
     5         30         -86.96         0.48         0.79        2       20.2     
     6         35         -86.46         0.73         1.00        2       22.8     
     7         40         -86.18         0.77         0.92        2       20.7     
     8         45         -84.44         0.65         2.99        2       64.4     
     9         50         -83.60         1.22         1.08        2       24.1     
    10         55         -83.92         0.25         0.44        2       9.21     
    11         60         -83.65         0.50         1.22        2       24.6     
    12         65         -83.75         0.16         0.24        2       4.94     
    13         70         -83.67         0.14         0.04        2       1.07     end warm-up
    14         75         -83.55         0.11         0.02        2      0.739     
    15         80         -83.54         0.10         0.01        2      0.316     
    16         85         -83.59         0.09         0.00        5      0.269     
    17         90         -83.54         0.08         0.00        8      0.282     
    18         95         -83.51         0.08         0.00       11      0.266     
    19         95         -83.51         0.08         0.02       12      0.455     rotoscale
    20        100         -83.42         0.07         0.01       15      0.376     
    21        105         -83.39         0.07         0.00       18      0.215     
    22        110         -83.38         0.06         0.00       21      0.139     
    23        115         -83.37         0.06         0.00       22       0.15     
    24        120         -83.38         0.06         0.00       21      0.132     stable
   Inf        120         -83.35         0.06         0.00       50      0.132     finalize

Inference terminated: variational solution stable for OPTIONS.TolStableCount fcn evaluations.
Estimated ELBO: -83.353 +/- 0.059.

