MATLAB is selecting SOFTWARE OPENGL rendering.

                            < M A T L A B (R) >
                  Copyright 1984-2018 The MathWorks, Inc.
              R2018b Update 2 (9.5.0.1033004) 64-bit (glnxa64)
                              January 5, 2019

 
To get started, type doc.
For product information, visit www.mathworks.com.
 
Beginning variational optimization assuming NOISY observations of the log-joint.
 Iteration  f-count    Mean[ELBO]    Std[ELBO]    sKL-iter[q]   K[q]  Convergence  Action
     1         10         -98.85         0.96    997816.73        2        Inf     start warm-up
     2         15         -98.51         0.28         1.23        2        Inf     
     3         20         -97.87         0.25         0.17        2       5.69     
     4         25         -94.91         0.72         3.07        2       69.7     
     5         30         -94.57         0.53         0.51        2       12.4     
     6         35         -94.33         0.13         0.05        2       1.96     
     7         40         -94.04         0.12         0.17        2          4     
     8         45         -93.83         0.08         0.02        2        1.2     
     9         50         -93.78         0.08         0.04        2       1.03     end warm-up
    10         55         -93.74         0.05         0.01        2      0.449     
    11         60         -93.74         0.04         0.00        2      0.155     
    12         65         -93.72         0.04         0.01        5      0.324     
    13         70         -93.70         0.04         0.01        8      0.282     
    14         75         -93.72         0.03         0.00       11      0.188     
    15         75         -93.72         0.05         0.00       12       0.12     rotoscale
    16         80         -93.70         0.03         0.00       12      0.152     
    17         85         -93.69         0.04         0.00       15      0.131     
    18         90         -93.66         0.03         0.00       15       0.17     
    19         95         -93.67         0.04         0.00       17      0.171     stable
   Inf         95         -93.65         0.04         0.00       50      0.171     finalize

Inference terminated: variational solution stable for OPTIONS.TolStableCount fcn evaluations.
Estimated ELBO: -93.655 +/- 0.037.

