MATLAB is selecting SOFTWARE OPENGL rendering.

                            < M A T L A B (R) >
                  Copyright 1984-2018 The MathWorks, Inc.
              R2018b Update 2 (9.5.0.1033004) 64-bit (glnxa64)
                              January 5, 2019

 
To get started, type doc.
For product information, visit www.mathworks.com.
 
Beginning variational optimization assuming NOISY observations of the log-joint.
 Iteration  f-count    Mean[ELBO]    Std[ELBO]    sKL-iter[q]   K[q]  Convergence  Action
     1         10         -73.77         1.57   1190812.29        2        Inf     start warm-up
     2         15         -72.24         0.96         3.10        2        Inf     
     3         20         -70.74         0.49         2.00        2       44.5     
     4         25         -69.30         0.77         1.31        2       32.2     
     5         30         -68.94         0.26         0.36        2       8.99     
     6         35         -68.99         0.06         0.13        2       2.91     
     7         40         -68.98         0.05         0.01        2      0.358     
     8         45         -68.94         0.04         0.01        2      0.457     end warm-up
     9         50         -68.91         0.03         0.01        2      0.318     
    10         55         -68.91         0.03         0.01        2      0.219     
    11         60         -68.91         0.03         0.00        5      0.168     
    12         65         -68.86         0.03         0.00        8      0.263     
    13         70         -68.86         0.03         0.00       11     0.0911     
    14         70         -68.84         0.03         0.00       12      0.225     rotoscale
    15         75         -68.83         0.02         0.00       15      0.134     
    16         80         -68.83         0.02         0.00       18      0.152     stable
    17         85         -68.81         0.02         0.00       18      0.131     stable
    18         90         -68.82         0.02         0.00       19     0.0976     stable
   Inf         90         -68.79         0.02         0.00       50     0.0976     finalize

Inference terminated: variational solution stable for OPTIONS.TolStableCount fcn evaluations.
Estimated ELBO: -68.791 +/- 0.021.

