MATLAB is selecting SOFTWARE OPENGL rendering.

                            < M A T L A B (R) >
                  Copyright 1984-2018 The MathWorks, Inc.
              R2018b Update 2 (9.5.0.1033004) 64-bit (glnxa64)
                              January 5, 2019

 
To get started, type doc.
For product information, visit www.mathworks.com.
 
Beginning variational optimization assuming NOISY observations of the log-joint.
 Iteration  f-count    Mean[ELBO]    Std[ELBO]    sKL-iter[q]   K[q]  Convergence  Action
     1         10         -77.69         1.72   1323806.25        2        Inf     start warm-up
     2         15         -58.39         0.78        29.83        2        Inf     
     3         20         -52.32         2.42        16.97        2        355     
     4         25         -52.42         1.24         1.37        2       30.9     
     5         30         -52.42         0.21         0.50        2       10.4     
     6         35         -50.96         1.88         1.28        2       35.7     
     7         40         -52.06         0.16         0.32        2       10.4     
     8         45         -51.98         0.07         0.04        2       1.22     end warm-up
     9         50         -51.78         0.03         0.05        2       1.78     
    10         55         -51.73         0.03         0.01        2      0.557     
    11         60         -51.83         0.03         0.01        5      0.627     
    12         65         -51.79         0.03         0.00        5      0.259     
    13         70         -51.76         0.02         0.00        5      0.168     
    14         70         -51.76         0.02         0.01        6      0.307     rotoscale
    15         75         -51.71         0.02         0.00        9      0.255     
    16         80         -51.69         0.02         0.00       12      0.117     
    17         85         -51.69         0.02         0.00       15     0.0883     
    18         90         -51.70         0.02         0.00       18      0.136     
    19         95         -51.69         0.01         0.00       18      0.116     stable
   Inf         95         -51.66         0.01         0.00       50      0.116     finalize

Inference terminated: variational solution stable for OPTIONS.TolStableCount fcn evaluations.
Estimated ELBO: -51.655 +/- 0.014.

