MATLAB is selecting SOFTWARE OPENGL rendering.

                            < M A T L A B (R) >
                  Copyright 1984-2018 The MathWorks, Inc.
              R2018b Update 2 (9.5.0.1033004) 64-bit (glnxa64)
                              January 5, 2019

 
To get started, type doc.
For product information, visit www.mathworks.com.
 
Beginning variational optimization assuming NOISY observations of the log-joint.
 Iteration  f-count    Mean[ELBO]    Std[ELBO]    sKL-iter[q]   K[q]  Convergence  Action
     1         10        -111.37         1.12   1266933.71        2        Inf     start warm-up
     2         15        -103.00         0.63        15.53        2        Inf     
     3         20        -102.32         0.27         0.44        2       10.6     
     4         25        -101.07         0.31         0.97        2         22     
     5         30        -100.88         0.15         0.09        2       2.41     
     6         35         -96.91         0.86        54.62        2   1.06e+03     
     7         40         -95.72         0.14         1.32        2       28.3     
     8         45         -95.32         0.09         0.91        2       18.6     
     9         50         -94.92         0.22         1.33        2         27     
    10         55         -94.66         0.09         0.72        2       14.6     
    11         60         -94.62         0.07         0.01        2      0.509     end warm-up
    12         65         -94.30         0.10         0.47        2       9.94     
    13         70         -94.27         0.08         0.01        2      0.356     
    14         75         -94.26         0.10         0.02        5      0.652     
    15         80         -94.26         0.05         0.02        5      0.574     
    16         85         -94.19         0.06         0.01        8      0.468     
    17         85         -94.21         0.10         0.05        9       1.31     rotoscale
    18         90         -94.20         0.05         0.02        9      0.432     
    19         95         -94.18         0.06         0.00       12      0.248     
    20        100         -94.15         0.05         0.01       13      0.265     
    21        105         -94.19         0.04         0.01       13      0.382     
    22        110         -94.17         0.05         0.00       13      0.182     stable
   Inf        110         -94.17         0.05         0.00       50      0.182     finalize

Inference terminated: variational solution stable for OPTIONS.TolStableCount fcn evaluations.
Estimated ELBO: -94.174 +/- 0.051.

