MATLAB is selecting SOFTWARE OPENGL rendering.

                            < M A T L A B (R) >
                  Copyright 1984-2018 The MathWorks, Inc.
              R2018b Update 2 (9.5.0.1033004) 64-bit (glnxa64)
                              January 5, 2019

 
To get started, type doc.
For product information, visit www.mathworks.com.
 
Beginning variational optimization assuming NOISY observations of the log-joint.
 Iteration  f-count    Mean[ELBO]    Std[ELBO]    sKL-iter[q]   K[q]  Convergence  Action
     1         10        -147.62         1.94   1463585.14        2        Inf     start warm-up
     2         15        -123.65         0.58       326.72        2        Inf     
     3         20        -114.19         0.30        14.14        2        294     
     4         25        -107.56         0.74        11.38        2        237     
     5         30        -106.14         0.13         2.54        2       52.9     
     6         35        -102.41         0.53        17.79        2        352     
     7         40         -97.85         0.33        15.73        2        314     
     8         45         -93.50         0.52        11.02        2        222     
     9         50         -92.29         0.22         1.73        2       36.4     
    10         55         -91.77         0.10         0.46        2       10.2     
    11         60         -88.91         6.15        19.91        2        404     
    12         65         -90.66         0.25         3.68        2       75.5     
    13         70         -90.78         0.10         0.10        2       2.42     end warm-up
    14         75         -90.66         0.06         0.03        2      0.962     
    15         80         -90.68         0.07         0.10        2       2.04     
    16         85         -90.66         0.09         0.03        3      0.685     
    17         90         -90.62         0.09         0.01        3      0.334     
    18         95         -90.58         0.08         0.00        3      0.288     
    19        100         -90.54         0.08         0.00        6      0.263     
    20        100         -90.51         0.07         0.00        7      0.216     rotoscale
    21        105         -90.50         0.07         0.00       10      0.193     
    22        110         -90.50         0.07         0.00       13      0.145     
    23        115         -90.48         0.06         0.00       12       0.16     
    24        120         -90.49         0.07         0.00       12      0.139     stable
   Inf        120         -90.47         0.07         0.00       50      0.139     finalize

Inference terminated: variational solution stable for OPTIONS.TolStableCount fcn evaluations.
Estimated ELBO: -90.472 +/- 0.065.

