MATLAB is selecting SOFTWARE OPENGL rendering.

                            < M A T L A B (R) >
                  Copyright 1984-2018 The MathWorks, Inc.
              R2018b Update 2 (9.5.0.1033004) 64-bit (glnxa64)
                              January 5, 2019

 
To get started, type doc.
For product information, visit www.mathworks.com.
 
Beginning variational optimization assuming NOISY observations of the log-joint.
 Iteration  f-count    Mean[ELBO]    Std[ELBO]    sKL-iter[q]   K[q]  Convergence  Action
     1         10         -90.09         9.50   1000155.05        2        Inf     start warm-up
     2         15         -77.73         2.30        39.78        2        Inf     
     3         20         -73.94         0.68        10.80        2        220     
     4         25         -73.77         0.21         1.55        2         31     
     5         30         -73.42         0.14         0.65        2       13.9     
     6         35         -73.29         0.21         0.11        2       3.12     
     7         40         -73.09         0.73         1.64        2       34.1     end warm-up
     8         45         -72.88         0.07         0.72        2       14.6     
     9         50         -72.80         0.06         0.08        2       1.85     
    10         55         -72.74         0.05         0.01        3      0.507     
    11         60         -72.72         0.05         0.00        6      0.284     
    12         65         -72.61         0.04         0.00        9      0.506     
    13         65         -72.51         0.17         0.12       10        2.9     rotoscale
    14         70         -72.59         0.06         0.03       10      0.873     
    15         75         -72.57         0.05         0.00       10      0.244     
    16         80         -72.50         0.07         0.00       13      0.333     
    17         85         -72.48         0.04         0.00       13       0.18     
    18         90         -72.48         0.04         0.00       15      0.134     
    19         90         -72.48         0.04         0.00       13      0.168     rotoscale
    20         95         -72.44         0.04         0.00       13      0.248     stable
    21        100         -72.41         0.06         0.00       14      0.226     stable
    22        105         -72.33         0.08         0.00       14      0.346     stable
    23        110         -72.35         0.08         0.00       14      0.172     stable
   Inf        110         -72.33         0.08         0.00       50      0.172     finalize

Inference terminated: variational solution stable for OPTIONS.TolStableCount fcn evaluations.
Estimated ELBO: -72.330 +/- 0.077.

