MATLAB is selecting SOFTWARE OPENGL rendering.

                            < M A T L A B (R) >
                  Copyright 1984-2018 The MathWorks, Inc.
              R2018b Update 2 (9.5.0.1033004) 64-bit (glnxa64)
                              January 5, 2019

 
To get started, type doc.
For product information, visit www.mathworks.com.
 
Beginning variational optimization assuming NOISY observations of the log-joint.
 Iteration  f-count    Mean[ELBO]    Std[ELBO]    sKL-iter[q]   K[q]  Convergence  Action
     1         10         -64.19         3.75    802710.71        2        Inf     start warm-up
     2         15         -65.93         2.55         4.05        2        Inf     
     3         20         -61.69         0.34         5.98        2        127     
     4         25         -61.55         0.20         0.21        2        4.9     
     5         30         -61.29         0.09         0.29        2       6.58     
     6         35         -61.23         0.06         0.02        2      0.663     
     7         40         -61.23         0.05         0.01        2      0.232     end warm-up
     8         45         -61.21         0.05         0.01        2      0.315     
     9         50         -61.21         0.04         0.00        2       0.14     
    10         55         -61.22         0.04         0.00        5        0.2     
    11         60         -61.23         0.04         0.00        5      0.195     
    12         65         -61.20         0.04         0.00        5      0.203     
    13         65         -61.20         0.04         0.00        6      0.124     rotoscale
    14         70         -61.19         0.04         0.00        6      0.158     
    15         75         -61.23         0.03         0.00        9      0.243     stable
    16         80         -61.21         0.03         0.01        9      0.233     stable
    17         85         -61.18         0.03         0.00        8      0.183     stable
   Inf         85         -61.16         0.03         0.00       50      0.183     finalize

Inference terminated: variational solution stable for OPTIONS.TolStableCount fcn evaluations.
Estimated ELBO: -61.161 +/- 0.033.

