MATLAB is selecting SOFTWARE OPENGL rendering.

                            < M A T L A B (R) >
                  Copyright 1984-2018 The MathWorks, Inc.
              R2018b Update 2 (9.5.0.1033004) 64-bit (glnxa64)
                              January 5, 2019

 
To get started, type doc.
For product information, visit www.mathworks.com.
 
Beginning variational optimization assuming NOISY observations of the log-joint.
 Iteration  f-count    Mean[ELBO]    Std[ELBO]    sKL-iter[q]   K[q]  Convergence  Action
     1         10         -72.62         0.61    956875.52        2        Inf     start warm-up
     2         15         -67.82         0.28         5.57        2        Inf     
     3         20         -67.62         0.15         0.13        2       3.54     
     4         25         -66.62         0.33         0.58        2       15.3     
     5         30         -66.45         0.15         0.04        2       1.68     
     6         35         -66.30         0.08         0.03        2       1.26     
     7         40         -66.29         0.04         0.02        2      0.609     
     8         45         -66.28         0.03         0.01        2      0.249     end warm-up
     9         50         -66.27         0.03         0.00        2      0.188     
    10         55         -66.26         0.03         0.00        2      0.119     
    11         60         -66.21         0.03         0.01        5      0.323     
    12         65         -66.20         0.03         0.00        8      0.124     
    13         70         -66.19         0.02         0.00       11      0.152     
    14         70         -66.17         0.03         0.01       12       0.24     rotoscale
    15         75         -66.16         0.02         0.00       14      0.121     
    16         80         -66.14         0.02         0.00       14      0.156     stable
    17         85         -66.13         0.02         0.00       15       0.13     stable
    18         90         -66.14         0.02         0.00       15        0.1     stable
   Inf         90         -66.11         0.02         0.00       50        0.1     finalize

Inference terminated: variational solution stable for OPTIONS.TolStableCount fcn evaluations.
Estimated ELBO: -66.108 +/- 0.022.

