MATLAB is selecting SOFTWARE OPENGL rendering.

                            < M A T L A B (R) >
                  Copyright 1984-2018 The MathWorks, Inc.
              R2018b Update 2 (9.5.0.1033004) 64-bit (glnxa64)
                              January 5, 2019

 
To get started, type doc.
For product information, visit www.mathworks.com.
 
Beginning variational optimization assuming NOISY observations of the log-joint.
 Iteration  f-count    Mean[ELBO]    Std[ELBO]    sKL-iter[q]   K[q]  Convergence  Action
     1         10         -72.03         0.73   1008819.62        2        Inf     start warm-up
     2         15         -69.34         0.28         2.40        2        Inf     
     3         20         -67.48         0.11         1.17        2       28.5     
     4         25         -67.15         0.14         0.22        2       5.63     
     5         30         -66.43         0.13         0.41        2       10.4     
     6         35         -65.92         0.11         0.21        2       5.86     
     7         40         -66.00         0.06         0.02        2       0.83     
     8         45         -65.96         0.05         0.02        2      0.585     end warm-up
     9         50         -65.99         0.03         0.02        2      0.535     
    10         55         -65.97         0.03         0.00        2      0.166     
    11         60         -65.95         0.03         0.00        5      0.193     
    12         65         -65.91         0.02         0.00        8      0.274     
    13         70         -65.91         0.02         0.00       10      0.116     
    14         70         -65.89         0.02         0.00       10      0.184     rotoscale
    15         75         -65.88         0.02         0.00       11      0.154     
    16         80         -65.87         0.02         0.00       10      0.115     stable
    17         85         -65.88         0.02         0.00       10      0.143     stable
    18         90         -65.86         0.02         0.00       10      0.191     stable
   Inf         90         -65.86         0.02         0.01       50      0.191     finalize

Inference terminated: variational solution stable for OPTIONS.TolStableCount fcn evaluations.
Estimated ELBO: -65.858 +/- 0.022.

