MATLAB is selecting SOFTWARE OPENGL rendering.

                            < M A T L A B (R) >
                  Copyright 1984-2018 The MathWorks, Inc.
              R2018b Update 2 (9.5.0.1033004) 64-bit (glnxa64)
                              January 5, 2019

 
To get started, type doc.
For product information, visit www.mathworks.com.
 
Beginning variational optimization assuming NOISY observations of the log-joint.
 Iteration  f-count    Mean[ELBO]    Std[ELBO]    sKL-iter[q]   K[q]  Convergence  Action
     1         10         -71.09         7.09   1263815.05        2        Inf     start warm-up
     2         15         -68.47         0.58        25.98        2        Inf     
     3         20         -65.45         0.14         4.13        2       87.8     
     4         25         -64.16         0.51         3.36        2       69.9     
     5         30         -63.53         0.71         5.39        2        108     
     6         35         -61.11         5.97        19.72        2        404     
     7         40         -62.50         0.10        12.48        2        244     
     8         45         -62.45         0.08         0.07        2       1.71     
     9         50         -62.36         0.06         0.04        2        1.1     
    10         55         -62.36         0.06         0.23        2       4.66     end warm-up
    11         60         -62.18         0.05         0.11        2       2.71     
    12         65         -62.22         0.05         0.01        2      0.416     
    13         70         -62.20         0.06         0.01        5      0.361     
    14         75         -62.19         0.08         0.00        5      0.223     
    15         80         -62.17         0.07         0.00        5        0.2     
    16         80         -62.13         0.05         0.04        5      0.953     rotoscale
    17         85         -62.15         0.03         0.00        8      0.199     
    18         90         -62.11         0.03         0.00       11      0.275     
    19         95         -62.06         0.03         0.00       14      0.284     
    20        100         -62.04         0.04         0.00       15       0.14     
    21        105         -62.05         0.03         0.00       15      0.151     stable
   Inf        105         -62.02         0.03         0.00       50      0.151     finalize

Inference terminated: variational solution stable for OPTIONS.TolStableCount fcn evaluations.
Estimated ELBO: -62.023 +/- 0.029.

