MATLAB is selecting SOFTWARE OPENGL rendering.

                            < M A T L A B (R) >
                  Copyright 1984-2018 The MathWorks, Inc.
              R2018b Update 2 (9.5.0.1033004) 64-bit (glnxa64)
                              January 5, 2019

 
To get started, type doc.
For product information, visit www.mathworks.com.
 
Beginning variational optimization assuming NOISY observations of the log-joint.
 Iteration  f-count    Mean[ELBO]    Std[ELBO]    sKL-iter[q]   K[q]  Convergence  Action
     1         10        -148.56         8.48    980606.95        2        Inf     start warm-up
     2         15        -128.41         1.00        21.76        2        Inf     
     3         20        -117.75         0.93        14.14        2        298     
     4         25        -114.80         0.87         3.71        2       80.2     
     5         30        -113.24         0.23         1.93        2       41.5     
     6         35        -112.80         0.20         0.51        2       11.4     
     7         40        -111.29         1.73         5.63        2        116     
     8         45        -111.95         0.19         3.47        2       68.9     
     9         50        -111.90         0.11         0.03        2       0.95     
    10         55        -106.88        12.66        36.08        2        720     
    11         60        -109.44         0.64         6.65        2        133     
    12         65        -108.48         0.36         0.76        2       16.7     
    13         70        -108.47         0.23         0.19        2       3.94     
    14         75        -108.45         0.16         0.04        2       1.04     
    15         80        -108.35         0.18         0.12        2       2.69     end warm-up
    16         85        -108.20         0.07         0.03        2       1.04     
    17         90        -108.19         0.07         0.01        2      0.349     
    18         95        -108.13         0.07         0.01        5      0.348     
    19        100        -108.11         0.07         0.00        8       0.19     
    20        105        -108.16         0.05         0.01       11      0.308     
    21        105        -108.07         0.07         0.01       12      0.428     rotoscale
    22        110        -108.05         0.06         0.00       15      0.227     
    23        115        -108.00         0.07         0.00       17       0.24     
    24        120        -108.02         0.06         0.00       17      0.215     
    25        125        -108.00         0.06         0.00       17      0.175     
    26        130        -108.01         0.06         0.00       18      0.162     stable
   Inf        130        -107.96         0.06         0.00       50      0.162     finalize

Inference terminated: variational solution stable for OPTIONS.TolStableCount fcn evaluations.
Estimated ELBO: -107.964 +/- 0.058.

