MATLAB is selecting SOFTWARE OPENGL rendering.

                            < M A T L A B (R) >
                  Copyright 1984-2018 The MathWorks, Inc.
              R2018b Update 2 (9.5.0.1033004) 64-bit (glnxa64)
                              January 5, 2019

 
To get started, type doc.
For product information, visit www.mathworks.com.
 
Beginning variational optimization assuming NOISY observations of the log-joint.
 Iteration  f-count    Mean[ELBO]    Std[ELBO]    sKL-iter[q]   K[q]  Convergence  Action
     1         10         -71.50         1.26    516140.97        2        Inf     start warm-up
     2         15         -70.42         0.06         0.65        2        Inf     
     3         20         -68.15         0.11         2.38        2       52.2     
     4         25         -67.29         0.38         0.66        2         16     
     5         30         -67.50         0.06         0.25        2       5.62     
     6         35         -67.51         0.04         0.02        2      0.474     end warm-up
     7         40         -67.50         0.04         0.00        2      0.202     
     8         45         -67.50         0.04         0.00        2      0.144     
     9         50         -67.46         0.03         0.00        5      0.269     
    10         55         -67.48         0.03         0.00        8      0.178     
    11         60         -67.48         0.03         0.00        8      0.123     
    12         60         -67.48         0.03         0.00        8      0.118     rotoscale
    13         65         -67.45         0.03         0.00        8       0.21     
    14         70         -67.45         0.03         0.00       11     0.0966     
    15         75         -67.45         0.03         0.00       14     0.0856     stable
    16         80         -67.47         0.03         0.00       17      0.123     stable
   Inf         80         -67.46         0.03         0.00       50      0.123     finalize

Inference terminated: variational solution stable for OPTIONS.TolStableCount fcn evaluations.
Estimated ELBO: -67.460 +/- 0.026.

