MATLAB is selecting SOFTWARE OPENGL rendering.

                            < M A T L A B (R) >
                  Copyright 1984-2018 The MathWorks, Inc.
              R2018b Update 2 (9.5.0.1033004) 64-bit (glnxa64)
                              January 5, 2019

 
To get started, type doc.
For product information, visit www.mathworks.com.
 
Beginning variational optimization assuming NOISY observations of the log-joint.
 Iteration  f-count    Mean[ELBO]    Std[ELBO]    sKL-iter[q]   K[q]  Convergence  Action
     1         10         -89.32         5.44   1243747.74        2        Inf     start warm-up
     2         15         -77.47         1.38        12.32        2        Inf     
     3         20         -71.32         0.40         7.62        2        161     
     4         25         -69.85         0.48         1.98        2       42.1     
     5         30         -69.00         0.32         0.39        2       9.88     
     6         35         -67.72         1.04         3.79        2       77.7     
     7         40         -67.06         0.30         0.21        2       6.06     
     8         45         -65.46         0.48         1.97        2       42.4     
     9         50         -64.36         0.30         2.13        2       44.4     
    10         55         -64.17         0.70         0.28        2       7.48     
    11         60         -64.16         0.11         0.22        2        4.6     
    12         65         -64.09         0.09         0.02        2      0.692     end warm-up
    13         70         -63.98         0.05         0.02        2      0.671     
    14         75         -63.96         0.05         0.00        2      0.213     
    15         80         -63.93         0.04         0.00        5      0.261     
    16         85         -63.90         0.04         0.00        8      0.181     
    17         90         -63.89         0.04         0.01       11      0.214     
    18         90         -63.87         0.04         0.00       12      0.246     rotoscale
    19         95         -63.83         0.04         0.00       15      0.273     
    20        100         -63.83         0.04         0.00       17      0.121     
    21        105         -63.84         0.03         0.00       17      0.123     stable
    22        110         -63.84         0.03         0.00       16      0.114     stable
   Inf        110         -63.82         0.03         0.00       50      0.114     finalize

Inference terminated: variational solution stable for OPTIONS.TolStableCount fcn evaluations.
Estimated ELBO: -63.823 +/- 0.032.

