MATLAB is selecting SOFTWARE OPENGL rendering.

                            < M A T L A B (R) >
                  Copyright 1984-2018 The MathWorks, Inc.
              R2018b Update 2 (9.5.0.1033004) 64-bit (glnxa64)
                              January 5, 2019

 
To get started, type doc.
For product information, visit www.mathworks.com.
 
Beginning variational optimization assuming NOISY observations of the log-joint.
 Iteration  f-count    Mean[ELBO]    Std[ELBO]    sKL-iter[q]   K[q]  Convergence  Action
     1         10         -85.34         0.73   1086754.23        2        Inf     start warm-up
     2         15         -83.98         0.31         0.78        2        Inf     
     3         20         -81.78         0.23         1.26        2       31.6     
     4         25         -81.29         0.20         0.45        2       10.9     
     5         30         -80.99         0.15         0.11        2       3.48     
     6         35         -80.80         0.07         0.04        2       1.57     
     7         40         -80.80         0.05         0.02        2      0.482     end warm-up
     8         45         -80.76         0.04         0.01        2      0.467     
     9         50         -80.75         0.03         0.01        2      0.237     
    10         55         -80.76         0.03         0.00        5      0.203     
    11         60         -80.73         0.03         0.00        5      0.187     
    12         65         -80.74         0.03         0.01        8      0.211     
    13         65         -80.74         0.03         0.00        8       0.18     rotoscale
    14         70         -80.71         0.02         0.00       11        0.2     
    15         75         -80.71         0.02         0.00       14       0.08     
    16         80         -80.70         0.02         0.00       17      0.145     stable
    17         85         -80.66         0.02         0.00       19      0.222     stable
   Inf         85         -80.65         0.02         0.00       50      0.222     finalize

Inference terminated: variational solution stable for OPTIONS.TolStableCount fcn evaluations.
Estimated ELBO: -80.650 +/- 0.023.

