MATLAB is selecting SOFTWARE OPENGL rendering.

                            < M A T L A B (R) >
                  Copyright 1984-2018 The MathWorks, Inc.
              R2018b Update 2 (9.5.0.1033004) 64-bit (glnxa64)
                              January 5, 2019

 
To get started, type doc.
For product information, visit www.mathworks.com.
 
Beginning variational optimization assuming NOISY observations of the log-joint.
 Iteration  f-count    Mean[ELBO]    Std[ELBO]    sKL-iter[q]   K[q]  Convergence  Action
     1         10        -124.50         2.34   1129241.50        2        Inf     start warm-up
     2         15        -125.92         0.79         1.33        2        Inf     
     3         20        -121.69         1.06         6.11        2        130     
     4         25        -120.30         0.54         3.83        2       78.5     
     5         30        -119.00         0.17         1.29        2       28.8     
     6         35        -118.85         0.08         0.20        2       4.39     
     7         40        -118.75         0.07         0.06        2       1.65     
     8         45        -118.71         0.07         0.03        2      0.785     end warm-up
     9         50        -118.61         0.04         0.06        2       1.46     
    10         55        -118.59         0.04         0.03        2      0.642     
    11         60        -118.61         0.04         0.01        5      0.265     
    12         65        -118.57         0.05         0.00        5      0.257     
    13         70        -118.57         0.08         0.00        5      0.217     
    14         70        -118.59         0.04         0.01        5      0.254     rotoscale
    15         75        -118.55         0.04         0.00        8      0.219     
    16         80        -118.56         0.03         0.00       10      0.145     
    17         85        -118.55         0.03         0.00       10      0.124     
    18         90        -118.54         0.03         0.00       11      0.121     stable
   Inf         90        -118.53         0.03         0.00       50      0.121     finalize

Inference terminated: variational solution stable for OPTIONS.TolStableCount fcn evaluations.
Estimated ELBO: -118.533 +/- 0.031.

