MATLAB is selecting SOFTWARE OPENGL rendering.

                            < M A T L A B (R) >
                  Copyright 1984-2018 The MathWorks, Inc.
              R2018b Update 2 (9.5.0.1033004) 64-bit (glnxa64)
                              January 5, 2019

 
To get started, type doc.
For product information, visit www.mathworks.com.
 
Beginning variational optimization assuming NOISY observations of the log-joint.
 Iteration  f-count    Mean[ELBO]    Std[ELBO]    sKL-iter[q]   K[q]  Convergence  Action
     1         10        -141.98         2.63   1093428.14        2        Inf     start warm-up
     2         15        -128.43         1.14        24.11        2        Inf     
     3         20        -114.30         2.35        24.54        2        517     
     4         25        -111.00         2.17         7.20        2        155     
     5         30        -101.78         1.90        27.67        2        565     
     6         35         -99.12         1.28        12.25        2        247     
     7         40         -94.48        15.54        72.77        2   1.43e+03     
     8         45         -96.33         0.54         8.93        2        178     
     9         50         -96.24         0.21         0.02        2       1.13     
    10         55         -96.24         0.11         0.05        2       1.21     
    11         60         -95.51         2.12         1.78        2       40.9     
    12         65         -95.12         3.15         0.47        2         14     end warm-up
    13         70         -95.69         0.10         0.52        2       11.5     
    14         75         -95.66         0.08         0.08        2       1.86     
    15         80         -95.64         0.06         0.01        3      0.386     
    16         85         -95.58         0.05         0.01        6      0.421     
    17         90         -95.63         0.05         0.03        8       0.86     
    18         90         -95.62         0.05         0.01        8      0.379     rotoscale
    19         95         -95.56         0.05         0.00        8      0.335     
    20        100         -95.53         0.04         0.01        9      0.388     
    21        105         -95.48         0.07         0.01       12      0.324     
    22        110         -95.41         0.07         0.00       11      0.265     
    23        115         -95.43         0.06         0.00       10      0.164     
    24        115         -95.40         0.06         0.00        8      0.251     rotoscale, stable
    25        120         -95.39         0.06         0.00        8      0.156     stable
    26        125         -95.34         0.07         0.01        8      0.282     stable
    27        130         -95.33         0.06         0.00        8        0.2     stable
    28        135         -95.32         0.06         0.00        8      0.159     stable
   Inf        135         -95.29         0.06         0.01       50      0.159     finalize

Inference terminated: variational solution stable for OPTIONS.TolStableCount fcn evaluations.
Estimated ELBO: -95.289 +/- 0.058.

