MATLAB is selecting SOFTWARE OPENGL rendering.

                            < M A T L A B (R) >
                  Copyright 1984-2018 The MathWorks, Inc.
              R2018b Update 2 (9.5.0.1033004) 64-bit (glnxa64)
                              January 5, 2019

 
To get started, type doc.
For product information, visit www.mathworks.com.
 
Beginning variational optimization assuming NOISY observations of the log-joint.
 Iteration  f-count    Mean[ELBO]    Std[ELBO]    sKL-iter[q]   K[q]  Convergence  Action
     1         10        -102.73        10.98   1160703.38        2        Inf     start warm-up
     2         15         -72.47         0.81        30.87        2        Inf     
     3         20         -65.52         0.61        15.83        2        327     
     4         25         -64.21         0.20         1.74        2       38.1     
     5         30         -61.87         0.37         8.07        2        164     
     6         35         -61.47         0.23         0.49        2       11.5     
     7         40         -61.42         0.08         0.03        2      0.944     
     8         45         -61.34         0.06         0.05        2       1.53     
     9         50         -61.30         0.07         0.02        2      0.712     end warm-up
    10         55         -61.01         0.05         0.25        2        5.9     
    11         60         -61.05         0.05         0.03        2       0.93     
    12         65         -61.12         0.04         0.02        5      0.664     
    13         70         -61.09         0.04         0.00        5      0.289     
    14         75         -61.05         0.03         0.00        5      0.308     
    15         75         -61.02         0.03         0.00        6       0.23     rotoscale
    16         80         -60.97         0.02         0.00        9      0.284     
    17         85         -60.95         0.02         0.00       12      0.192     
    18         90         -60.95         0.03         0.00       14      0.146     stable
    19         95         -60.99         0.04         0.00       14      0.211     stable
   Inf         95         -60.96         0.04         0.00       50      0.211     finalize

Inference terminated: variational solution stable for OPTIONS.TolStableCount fcn evaluations.
Estimated ELBO: -60.963 +/- 0.036.

