MATLAB is selecting SOFTWARE OPENGL rendering.

                            < M A T L A B (R) >
                  Copyright 1984-2018 The MathWorks, Inc.
              R2018b Update 2 (9.5.0.1033004) 64-bit (glnxa64)
                              January 5, 2019

 
To get started, type doc.
For product information, visit www.mathworks.com.
 
Beginning variational optimization assuming NOISY observations of the log-joint.
 Iteration  f-count    Mean[ELBO]    Std[ELBO]    sKL-iter[q]   K[q]  Convergence  Action
     1         10        -149.01         5.22   1167650.80        2        Inf     start warm-up
     2         15        -137.55         1.19        15.52        2        Inf     
     3         20        -134.15         0.92         2.75        2       63.2     
     4         25        -127.87         0.82         8.05        2        172     
     5         30        -119.14         2.44        16.62        2        341     
     6         35        -117.31         0.35        10.51        2        207     
     7         40        -111.50         0.48        18.11        2        362     
     8         45        -109.22         0.59         5.69        2        116     
     9         50        -108.89         0.15         0.24        2       5.63     
    10         55        -108.41         1.36         0.23        2       8.33     
    11         60        -108.49         0.09         0.07        2        1.8     
    12         65        -108.35         0.16         0.17        2       3.91     end warm-up
    13         70        -107.96         0.08         0.24        2       5.53     
    14         75        -107.95         0.06         0.14        2       2.82     
    15         80        -107.90         0.06         0.01        3      0.384     
    16         85        -107.87         0.07         0.00        6      0.251     
    17         90        -107.83         0.07         0.00        6      0.294     
    18         90        -107.82         0.07         0.01        7      0.248     rotoscale
    19         95        -107.82         0.06         0.00        9      0.175     
    20        100        -107.83         0.06         0.00        9       0.17     
    21        105        -107.83         0.06         0.00       10      0.157     
    22        110        -107.76         0.07         0.00       10      0.308     
    23        115        -107.78         0.06         0.00       12      0.196     
    24        115        -107.80         0.06         0.01       12       0.31     rotoscale, stable
    25        120        -107.75         0.07         0.00       12      0.234     stable
    26        125        -107.73         0.06         0.00       13      0.176     stable
    27        130        -107.72         0.06         0.00       16      0.135     stable
    28        135        -107.73         0.06         0.00       19      0.149     stable
   Inf        135        -107.71         0.06         0.00       50      0.149     finalize

Inference terminated: variational solution stable for OPTIONS.TolStableCount fcn evaluations.
Estimated ELBO: -107.713 +/- 0.056.

