MATLAB is selecting SOFTWARE OPENGL rendering.

                            < M A T L A B (R) >
                  Copyright 1984-2018 The MathWorks, Inc.
              R2018b Update 2 (9.5.0.1033004) 64-bit (glnxa64)
                              January 5, 2019

 
To get started, type doc.
For product information, visit www.mathworks.com.
 
Beginning variational optimization assuming NOISY observations of the log-joint.
 Iteration  f-count    Mean[ELBO]    Std[ELBO]    sKL-iter[q]   K[q]  Convergence  Action
     1         10        -116.20         2.42    868734.30        2        Inf     start warm-up
     2         15        -113.20         0.81        10.75        2        Inf     
     3         20        -111.98         0.14         0.89        2       20.3     
     4         25        -111.23         0.17         1.54        2       31.8     
     5         30        -109.36         1.88         6.34        2        131     trim data
     6         35        -109.77         0.18         0.55        2         12     
     7         40        -109.61         0.15         0.08        2       2.16     
     8         45        -109.70         0.07         0.03        2       1.05     
     9         50        -109.64         0.05         0.01        2      0.447     end warm-up
    10         55        -109.66         0.05         0.01        2      0.325     
    11         60        -109.65         0.04         0.01        2      0.226     
    12         65        -109.58         0.04         0.00        5      0.358     
    13         70        -109.55         0.04         0.00        8        0.2     
    14         75        -109.52         0.04         0.00       11      0.218     
    15         75        -109.50         0.04         0.01       12      0.399     rotoscale
    16         80        -109.49         0.04         0.00       15      0.132     
    17         85        -109.45         0.04         0.00       16      0.219     
    18         90        -109.45         0.04         0.00       15      0.104     stable
    19         95        -109.45         0.04         0.00       13      0.098     stable
   Inf         95        -109.39         0.08         0.01       50      0.098     finalize

Inference terminated: variational solution stable for OPTIONS.TolStableCount fcn evaluations.
Estimated ELBO: -109.393 +/- 0.075.

