MATLAB is selecting SOFTWARE OPENGL rendering.

                            < M A T L A B (R) >
                  Copyright 1984-2018 The MathWorks, Inc.
              R2018b Update 2 (9.5.0.1033004) 64-bit (glnxa64)
                              January 5, 2019

 
To get started, type doc.
For product information, visit www.mathworks.com.
 
Beginning variational optimization assuming NOISY observations of the log-joint.
 Iteration  f-count    Mean[ELBO]    Std[ELBO]    sKL-iter[q]   K[q]  Convergence  Action
     1         10         -94.65         2.98    738020.37        2        Inf     start warm-up
     2         15         -88.03         0.40         7.99        2        Inf     
     3         20         -84.25         0.60         4.38        2       94.8     
     4         25         -83.26         0.25         1.04        2       22.8     
     5         30         -81.69         0.20         0.72        2       18.3     
     6         35         -80.63         0.17         0.83        2         19     
     7         40         -79.94         0.10         0.50        2       11.5     
     8         45         -79.35         0.12         0.34        2       8.29     
     9         50         -79.22         0.08         0.04        2       1.27     
    10         55         -79.23         0.07         0.03        2      0.755     end warm-up
    11         60         -79.06         0.04         0.09        2       2.31     
    12         65         -79.01         0.04         0.01        2      0.402     
    13         70         -78.95         0.04         0.01        5      0.448     
    14         75         -78.90         0.04         0.01        8      0.442     
    15         80         -78.90         0.04         0.01       11      0.233     
    16         80         -78.90         0.04         0.01       11      0.376     rotoscale
    17         85         -78.92         0.04         0.00       10      0.228     
    18         90         -78.91         0.04         0.01       10      0.247     
    19         95         -78.89         0.03         0.00       10      0.191     
    20        100         -78.89         0.05         0.00       11      0.146     stable
   Inf        100         -78.85         0.05         0.00       50      0.146     finalize

Inference terminated: variational solution stable for OPTIONS.TolStableCount fcn evaluations.
Estimated ELBO: -78.854 +/- 0.052.

