MATLAB is selecting SOFTWARE OPENGL rendering.

                            < M A T L A B (R) >
                  Copyright 1984-2018 The MathWorks, Inc.
              R2018b Update 2 (9.5.0.1033004) 64-bit (glnxa64)
                              January 5, 2019

 
To get started, type doc.
For product information, visit www.mathworks.com.
 
Beginning variational optimization assuming NOISY observations of the log-joint.
 Iteration  f-count    Mean[ELBO]    Std[ELBO]    sKL-iter[q]   K[q]  Convergence  Action
     1         10        -144.84         3.29   1382307.52        2        Inf     start warm-up
     2         15        -127.14         1.06        20.56        2        Inf     
     3         20        -117.10         0.72         6.47        2        149     
     4         25        -110.44         1.02         6.09        2        136     
     5         30        -106.85         0.38         3.31        2       73.9     
     6         35        -104.52         0.22         2.45        2       53.7     
     7         40         -97.95         1.13        24.83        2        496     
     8         45         -93.62         2.15        34.06        2        670     
     9         50         -92.76         0.34         0.76        2       17.3     
    10         55         -91.47         0.20         2.25        2       46.7     
    11         60         -90.82         0.24         0.26        2       7.08     
    12         65         -90.67         0.13         0.24        2       5.22     
    13         70         -90.46         0.08         0.12        2       3.05     
    14         75         -90.43         0.06         0.03        2      0.789     end warm-up
    15         80         -90.42         0.05         0.02        2      0.623     
    16         85         -90.35         0.05         0.04        2       1.13     
    17         90         -90.33         0.06         0.02        3      0.578     
    18         95         -90.28         0.05         0.01        3      0.339     
    19        100         -90.25         0.08         0.00        6      0.238     
    20        100         -90.24         0.09         0.01        6      0.346     rotoscale
    21        105         -90.19         0.08         0.00        6      0.232     
    22        110         -90.21         0.09         0.00        6      0.189     
    23        115         -90.18         0.07         0.00        6      0.192     
    24        120         -90.18         0.07         0.00        9      0.214     stable
   Inf        120         -90.12         0.07         0.00       50      0.214     finalize

Inference terminated: variational solution stable for OPTIONS.TolStableCount fcn evaluations.
Estimated ELBO: -90.122 +/- 0.069.

