MATLAB is selecting SOFTWARE OPENGL rendering.

                            < M A T L A B (R) >
                  Copyright 1984-2018 The MathWorks, Inc.
              R2018b Update 2 (9.5.0.1033004) 64-bit (glnxa64)
                              January 5, 2019

 
To get started, type doc.
For product information, visit www.mathworks.com.
 
Beginning variational optimization assuming NOISY observations of the log-joint.
 Iteration  f-count    Mean[ELBO]    Std[ELBO]    sKL-iter[q]   K[q]  Convergence  Action
     1         10        -110.30         2.73   1253841.92        2        Inf     start warm-up
     2         15        -105.03         0.62         5.26        2        Inf     
     3         20        -101.61         0.67         5.89        2        123     
     4         25         -99.56         0.17         2.41        2       52.6     
     5         30         -99.13         0.25         0.48        2       11.1     
     6         35         -99.02         0.13         0.09        2       2.46     
     7         40         -98.70         0.10         0.16        2        4.3     
     8         45         -98.69         0.09         0.03        2      0.861     end warm-up
     9         50         -98.63         0.05         0.08        2       1.82     
    10         55         -98.60         0.04         0.01        2      0.293     
    11         60         -98.61         0.04         0.01        5      0.265     
    12         65         -98.61         0.04         0.00        5      0.209     
    13         70         -98.58         0.03         0.00        8      0.174     
    14         70         -98.58         0.03         0.01        9      0.297     rotoscale
    15         75         -98.56         0.03         0.00       11      0.166     
    16         80         -98.50         0.03         0.00       11      0.328     
    17         85         -98.53         0.04         0.01       12      0.349     
    18         90         -98.50         0.04         0.00       12      0.176     stable
   Inf         90         -98.48         0.04         0.00       50      0.176     finalize

Inference terminated: variational solution stable for OPTIONS.TolStableCount fcn evaluations.
Estimated ELBO: -98.479 +/- 0.035.

