MATLAB is selecting SOFTWARE OPENGL rendering.

                            < M A T L A B (R) >
                  Copyright 1984-2018 The MathWorks, Inc.
              R2018b Update 2 (9.5.0.1033004) 64-bit (glnxa64)
                              January 5, 2019

 
To get started, type doc.
For product information, visit www.mathworks.com.
 
Beginning variational optimization assuming NOISY observations of the log-joint.
 Iteration  f-count    Mean[ELBO]    Std[ELBO]    sKL-iter[q]   K[q]  Convergence  Action
     1         10         -99.26         1.73   1198590.75        2        Inf     start warm-up
     2         15         -99.22         0.57         6.52        2        Inf     
     3         20         -98.03         0.20         2.07        2       43.6     
     4         25         -97.86         0.08         0.10        2       2.71     
     5         30         -97.43         0.08         0.49        2       10.8     end warm-up
     6         35         -97.39         0.09         0.17        2       3.56     
     7         40         -97.44         0.06         0.01        2      0.512     
     8         45         -97.42         0.05         0.02        5      0.481     
     9         50         -97.41         0.05         0.00        8      0.247     
    10         55         -97.39         0.05         0.00        8      0.217     
    11         55         -97.38         0.04         0.00        9      0.151     rotoscale
    12         60         -97.35         0.04         0.00       12      0.188     
    13         65         -97.33         0.04         0.00       14      0.148     
    14         70         -97.31         0.05         0.00       14      0.165     
    15         75         -97.33         0.03         0.00       14      0.162     
    16         80         -97.33         0.03         0.00       15      0.113     stable
   Inf         80         -97.33         0.03         0.00       50      0.113     finalize

Inference terminated: variational solution stable for OPTIONS.TolStableCount fcn evaluations.
Estimated ELBO: -97.334 +/- 0.030.

