MATLAB is selecting SOFTWARE OPENGL rendering.

                            < M A T L A B (R) >
                  Copyright 1984-2018 The MathWorks, Inc.
              R2018b Update 2 (9.5.0.1033004) 64-bit (glnxa64)
                              January 5, 2019

 
To get started, type doc.
For product information, visit www.mathworks.com.
 
Beginning variational optimization assuming NOISY observations of the log-joint.
 Iteration  f-count    Mean[ELBO]    Std[ELBO]    sKL-iter[q]   K[q]  Convergence  Action
     1         10        -132.99         2.71   1309874.63        2        Inf     start warm-up
     2         15        -113.74         0.62        15.20        2        Inf     
     3         20        -110.30         0.55         2.66        2       61.8     
     4         25        -102.39         0.70        14.53        2        304     
     5         30         -98.90         0.44        10.86        2        218     
     6         35         -97.76         0.29         0.92        2         21     
     7         40         -95.78         0.80         2.43        2       52.9     
     8         45         -95.78         0.25         0.72        2       14.4     
     9         50         -96.01         0.35         0.41        2       9.26     
    10         55         -95.61         0.34         0.72        2       15.5     
    11         60         -95.81         0.07         0.15        2       3.48     end warm-up
    12         65         -95.54         0.10         0.23        2       5.15     
    13         70         -95.46         0.06         0.01        2      0.518     
    14         75         -95.46         0.05         0.00        5      0.213     
    15         80         -95.39         0.06         0.01        8      0.402     
    16         85         -95.38         0.05         0.01       11      0.302     
    17         85         -95.38         0.05         0.02       12      0.439     rotoscale
    18         90         -95.33         0.05         0.00       12       0.28     
    19         95         -95.31         0.05         0.00       15        0.2     
    20        100         -95.25         0.05         0.00       18      0.283     
    21        105         -95.23         0.05         0.00       21      0.211     
    22        110         -95.22         0.08         0.01       19      0.337     stable
   Inf        110         -95.20         0.08         0.00       50      0.337     finalize

Inference terminated: variational solution stable for OPTIONS.TolStableCount fcn evaluations.
Estimated ELBO: -95.204 +/- 0.084.

