MATLAB is selecting SOFTWARE OPENGL rendering.

                            < M A T L A B (R) >
                  Copyright 1984-2018 The MathWorks, Inc.
              R2018b Update 2 (9.5.0.1033004) 64-bit (glnxa64)
                              January 5, 2019

 
To get started, type doc.
For product information, visit www.mathworks.com.
 
Beginning variational optimization assuming NOISY observations of the log-joint.
 Iteration  f-count    Mean[ELBO]    Std[ELBO]    sKL-iter[q]   K[q]  Convergence  Action
     1         10        -107.35         2.31   1003443.99        2        Inf     start warm-up
     2         15        -106.26         0.70         2.16        2        Inf     
     3         20        -105.81         0.18         0.48        2       10.8     
     4         25        -104.02         0.30         1.84        2       40.7     
     5         30        -103.81         0.10         0.03        2       1.51     
     6         35        -103.65         0.10         0.07        2       2.05     
     7         40        -103.56         0.06         0.01        2      0.604     
     8         45        -103.52         0.04         0.01        2      0.399     end warm-up
     9         50        -103.53         0.04         0.00        2       0.17     
    10         55        -103.53         0.04         0.00        2      0.166     
    11         60        -103.51         0.04         0.01        5       0.27     
    12         65        -103.45         0.04         0.01        8      0.349     
    13         70        -103.46         0.04         0.00       11      0.167     
    14         70        -103.46         0.04         0.00       11      0.125     rotoscale
    15         75        -103.44         0.03         0.00       11      0.177     
    16         80        -103.45         0.03         0.00       14      0.135     stable
    17         85        -103.44         0.03         0.00       14      0.113     stable
    18         90        -103.42         0.03         0.00       17      0.178     stable
   Inf         90        -103.40         0.03         0.00       50      0.178     finalize

Inference terminated: variational solution stable for OPTIONS.TolStableCount fcn evaluations.
Estimated ELBO: -103.403 +/- 0.031.

