MATLAB is selecting SOFTWARE OPENGL rendering.

                            < M A T L A B (R) >
                  Copyright 1984-2018 The MathWorks, Inc.
              R2018b Update 2 (9.5.0.1033004) 64-bit (glnxa64)
                              January 5, 2019

 
To get started, type doc.
For product information, visit www.mathworks.com.
 
Beginning variational optimization assuming NOISY observations of the log-joint.
 Iteration  f-count    Mean[ELBO]    Std[ELBO]    sKL-iter[q]   K[q]  Convergence  Action
     1         10        -143.33         1.55   1307283.05        2        Inf     start warm-up
     2         15        -133.98         0.60         9.36        2        Inf     
     3         20        -125.41         0.54        10.80        2        223     
     4         25        -120.42         0.36        14.07        2        280     
     5         30        -116.28         0.44         8.48        2        172     
     6         35        -112.68         0.65         4.89        2        103     
     7         40        -111.09         0.38         2.24        2       47.1     
     8         45        -110.89         0.19         0.17        2       3.97     
     9         50        -110.41         0.13         0.73        2       15.3     
    10         55        -110.05         0.21         0.91        2       18.8     
    11         60        -109.97         0.10         0.02        2      0.673     
    12         65        -109.89         0.12         0.03        2       1.08     end warm-up
    13         70        -109.90         0.06         0.10        2       2.05     
    14         75        -109.86         0.06         0.01        2      0.406     
    15         80        -109.88         0.06         0.00        5      0.225     
    16         85        -109.79         0.06         0.01        5      0.418     
    17         90        -109.79         0.05         0.00        8      0.133     
    18         90        -109.82         0.05         0.04        9       1.01     rotoscale
    19         95        -109.78         0.05         0.01        9       0.33     
    20        100        -109.76         0.05         0.00       11      0.169     
    21        105        -109.74         0.05         0.00       10      0.153     
    22        110        -109.71         0.05         0.00       10      0.187     
    23        115        -109.72         0.05         0.00       11      0.135     
    24        115        -109.74         0.05         0.00       11       0.15     rotoscale, stable
    25        120        -109.73         0.05         0.00       10      0.156     stable
    26        125        -109.69         0.05         0.00       10      0.191     stable
    27        130        -109.69         0.05         0.00       10      0.114     stable
    28        135        -109.66         0.04         0.01       10      0.245     stable
   Inf        135        -109.62         0.04         0.00       50      0.245     finalize

Inference terminated: variational solution stable for OPTIONS.TolStableCount fcn evaluations.
Estimated ELBO: -109.618 +/- 0.041.

