MATLAB is selecting SOFTWARE OPENGL rendering.

                            < M A T L A B (R) >
                  Copyright 1984-2018 The MathWorks, Inc.
              R2018b Update 2 (9.5.0.1033004) 64-bit (glnxa64)
                              January 5, 2019

 
To get started, type doc.
For product information, visit www.mathworks.com.
 
Beginning variational optimization assuming NOISY observations of the log-joint.
 Iteration  f-count    Mean[ELBO]    Std[ELBO]    sKL-iter[q]   K[q]  Convergence  Action
     1         10         -81.50         1.58   1136775.95        2        Inf     start warm-up
     2         15         -65.50         0.33        13.26        2        Inf     
     3         20         -62.38         0.29         2.66        2         62     
     4         25         -59.72         0.33         2.66        2       61.1     
     5         30         -57.42         0.71         4.44        2       95.5     
     6         35         -57.25         0.20         0.83        2       17.2     
     7         40         -57.17         0.06         0.03        2       0.99     
     8         45         -57.11         0.05         0.02        2      0.768     
     9         50         -57.02         0.04         0.09        2       2.06     end warm-up
    10         55         -56.96         0.04         0.00        2      0.388     
    11         60         -56.98         0.03         0.01        2      0.431     
    12         65         -56.94         0.03         0.01        5      0.469     
    13         70         -56.93         0.04         0.00        8      0.214     
    14         75         -56.91         0.02         0.00        8      0.198     
    15         75         -56.90         0.04         0.00        9      0.191     rotoscale
    16         80         -56.87         0.03         0.00        9      0.192     
    17         85         -56.85         0.04         0.00       12      0.223     stable
    18         90         -56.84         0.04         0.00       12      0.166     stable
    19         95         -56.84         0.03         0.00       12      0.109     stable
   Inf         95         -56.82         0.03         0.00       50      0.109     finalize

Inference terminated: variational solution stable for OPTIONS.TolStableCount fcn evaluations.
Estimated ELBO: -56.816 +/- 0.029.

