MATLAB is selecting SOFTWARE OPENGL rendering.

                            < M A T L A B (R) >
                  Copyright 1984-2018 The MathWorks, Inc.
              R2018b Update 2 (9.5.0.1033004) 64-bit (glnxa64)
                              January 5, 2019

 
To get started, type doc.
For product information, visit www.mathworks.com.
 
Beginning variational optimization assuming NOISY observations of the log-joint.
 Iteration  f-count    Mean[ELBO]    Std[ELBO]    sKL-iter[q]   K[q]  Convergence  Action
     1         10         -81.96         1.27   1268928.60        2        Inf     start warm-up
     2         15         -74.11         0.78         7.68        2        Inf     
     3         20         -71.91         0.65         2.91        2       64.1     
     4         25         -70.16         0.80         1.90        2       43.9     
     5         30         -69.88         0.31         1.46        2       29.8     
     6         35         -69.15         0.29         0.27        2       8.16     
     7         40         -68.34         0.25         0.53        2       13.1     
     8         45         -67.11         0.17         0.89        2       20.7     
     9         50         -66.86         0.10         0.25        2       5.75     
    10         55         -66.47         0.13         0.23        2       5.83     
    11         60         -66.18         0.14         0.27        2        6.3     
    12         65         -66.15         0.07         0.02        2      0.583     end warm-up
    13         70         -65.81         0.11         0.39        2       8.68     
    14         75         -65.83         0.06         0.01        2      0.412     
    15         80         -65.80         0.04         0.01        5      0.452     
    16         85         -65.74         0.04         0.01        8      0.468     
    17         90         -65.72         0.04         0.01       11      0.299     
    18         90         -65.63         0.04         0.02       12      0.641     rotoscale
    19         95         -65.58         0.04         0.00       15      0.318     
    20        100         -65.57         0.04         0.00       15      0.205     
    21        105         -65.55         0.04         0.00       15      0.183     
    22        110         -65.54         0.03         0.01       15      0.287     stable
   Inf        110         -65.47         0.04         0.00       50      0.287     finalize

Inference terminated: variational solution stable for OPTIONS.TolStableCount fcn evaluations.
Estimated ELBO: -65.469 +/- 0.039.

