MATLAB is selecting SOFTWARE OPENGL rendering.

                            < M A T L A B (R) >
                  Copyright 1984-2018 The MathWorks, Inc.
              R2018b Update 2 (9.5.0.1033004) 64-bit (glnxa64)
                              January 5, 2019

 
To get started, type doc.
For product information, visit www.mathworks.com.
 
Beginning variational optimization assuming NOISY observations of the log-joint.
 Iteration  f-count    Mean[ELBO]    Std[ELBO]    sKL-iter[q]   K[q]  Convergence  Action
     1         10         -96.98         0.50   1264545.38        2        Inf     start warm-up
     2         15         -96.62         0.40         2.08        2        Inf     
     3         20         -94.80         0.75         4.64        2       96.6     
     4         25         -94.51         0.12         0.60        2       12.9     
     5         30         -93.50         0.10         0.59        2       14.6     
     6         35         -93.40         0.11         0.04        2        1.3     
     7         40         -93.39         0.06         0.02        2      0.525     
     8         45         -93.36         0.05         0.01        2      0.341     end warm-up
     9         50         -93.32         0.04         0.01        2      0.379     
    10         55         -93.34         0.04         0.00        2      0.186     
    11         60         -93.34         0.04         0.01        5      0.305     
    12         65         -93.31         0.03         0.01        5      0.336     
    13         70         -93.29         0.03         0.01        8      0.311     
    14         70         -93.29         0.03         0.00        9      0.127     rotoscale
    15         75         -93.28         0.03         0.01       11      0.212     
    16         80         -93.24         0.03         0.00       11      0.301     stable
    17         85         -93.24         0.04         0.00       11      0.121     stable
    18         90         -93.26         0.05         0.00       11      0.212     stable
   Inf         90         -93.24         0.05         0.00       50      0.212     finalize

Inference terminated: variational solution stable for OPTIONS.TolStableCount fcn evaluations.
Estimated ELBO: -93.238 +/- 0.046.

