MATLAB is selecting SOFTWARE OPENGL rendering.

                            < M A T L A B (R) >
                  Copyright 1984-2018 The MathWorks, Inc.
              R2018b Update 2 (9.5.0.1033004) 64-bit (glnxa64)
                              January 5, 2019

 
To get started, type doc.
For product information, visit www.mathworks.com.
 
Beginning variational optimization assuming NOISY observations of the log-joint.
 Iteration  f-count    Mean[ELBO]    Std[ELBO]    sKL-iter[q]   K[q]  Convergence  Action
     1         10         -64.45         0.70   1271743.66        2        Inf     start warm-up
     2         15         -65.46         0.28         1.26        2        Inf     
     3         20         -64.63         0.25         1.27        2         28     
     4         25         -64.55         0.08         0.20        2       4.44     
     5         30         -64.40         0.07         0.12        2       3.03     end warm-up
     6         35         -64.41         0.03         0.03        2      0.725     
     7         40         -64.42         0.03         0.00        2      0.233     
     8         45         -64.41         0.02         0.00        5      0.194     
     9         50         -64.41         0.03         0.01        8      0.221     
    10         55         -64.39         0.03         0.00        8      0.191     
    11         55         -64.39         0.03         0.01        8      0.196     rotoscale
    12         60         -64.38         0.02         0.00        8      0.148     
    13         65         -64.36         0.05         0.00       11      0.192     
    14         70         -64.37         0.02         0.00       10      0.104     
    15         75         -64.39         0.02         0.00       10      0.167     stable
   Inf         75         -64.36         0.02         0.00       50      0.167     finalize

Inference terminated: variational solution stable for OPTIONS.TolStableCount fcn evaluations.
Estimated ELBO: -64.365 +/- 0.021.

