MATLAB is selecting SOFTWARE OPENGL rendering.

                            < M A T L A B (R) >
                  Copyright 1984-2018 The MathWorks, Inc.
              R2018b Update 2 (9.5.0.1033004) 64-bit (glnxa64)
                              January 5, 2019

 
To get started, type doc.
For product information, visit www.mathworks.com.
 
Beginning variational optimization assuming NOISY observations of the log-joint.
 Iteration  f-count    Mean[ELBO]    Std[ELBO]    sKL-iter[q]   K[q]  Convergence  Action
     1         10         -94.44         0.41   1180109.16        2        Inf     start warm-up
     2         15         -92.61         0.46         1.38        2        Inf     
     3         20         -90.15         0.34         1.30        2         30     
     4         25         -88.15         0.35         2.21        2       46.5     
     5         30         -87.22         0.24         0.74        2       16.3     
     6         35         -86.81         0.17         0.44        2       9.47     
     7         40         -86.47         0.14         0.15        2       3.83     
     8         45         -86.32         0.10         0.03        2      0.937     
     9         50         -86.21         0.10         0.05        2       1.25     end warm-up
    10         55         -86.02         0.08         0.24        2       5.07     
    11         60         -85.93         0.07         0.00        2      0.361     
    12         65         -85.96         0.08         0.12        5       2.43     
    13         70         -85.95         0.07         0.01        5      0.434     
    14         75         -85.89         0.07         0.00        5      0.308     
    15         75         -85.85         0.07         0.01        6      0.331     rotoscale
    16         80         -85.82         0.07         0.01        9      0.299     
    17         85         -85.78         0.08         0.00       12      0.243     
    18         90         -85.80         0.06         0.00       15      0.184     
    19         95         -85.76         0.06         0.00       16      0.206     
    20        100         -85.75         0.06         0.00       16      0.183     
    21        100         -85.75         0.05         0.00       16      0.126     rotoscale, stable
    22        105         -85.74         0.05         0.00       15      0.131     stable
    23        110         -85.77         0.05         0.00       15      0.205     stable
    24        115         -85.77         0.06         0.01       15      0.218     stable
    25        120         -85.78         0.05         0.00       14      0.146     stable
   Inf        120         -85.76         0.05         0.00       50      0.146     finalize

Inference terminated: variational solution stable for OPTIONS.TolStableCount fcn evaluations.
Estimated ELBO: -85.758 +/- 0.051.

