MATLAB is selecting SOFTWARE OPENGL rendering.

                            < M A T L A B (R) >
                  Copyright 1984-2018 The MathWorks, Inc.
              R2018b Update 2 (9.5.0.1033004) 64-bit (glnxa64)
                              January 5, 2019

 
To get started, type doc.
For product information, visit www.mathworks.com.
 
Beginning variational optimization assuming NOISY observations of the log-joint.
 Iteration  f-count    Mean[ELBO]    Std[ELBO]    sKL-iter[q]   K[q]  Convergence  Action
     1         10         -92.24         0.98    761886.26        2        Inf     start warm-up
     2         15         -92.33         0.47         0.71        2        Inf     
     3         20         -89.58         0.34         2.11        2       49.9     
     4         25         -88.91         0.10         0.95        2       20.7     
     5         30         -88.38         0.19         0.35        2       8.81     
     6         35         -88.38         0.09         0.05        2       1.32     
     7         40         -88.22         0.06         0.06        2       1.68     end warm-up
     8         45         -88.16         0.05         0.03        2       0.88     
     9         50         -88.15         0.03         0.00        2      0.228     
    10         55         -88.09         0.03         0.01        5      0.444     
    11         60         -88.10         0.03         0.00        8      0.145     
    12         65         -88.09         0.03         0.01       11      0.239     
    13         65         -88.08         0.03         0.00       12      0.164     rotoscale
    14         70         -88.07         0.03         0.00       15      0.134     
    15         75         -88.03         0.03         0.00       17       0.27     
    16         80         -88.03         0.03         0.00       17       0.14     
    17         85         -88.03         0.02         0.00       16       0.11     stable
   Inf         85         -88.01         0.02         0.00       50       0.11     finalize

Inference terminated: variational solution stable for OPTIONS.TolStableCount fcn evaluations.
Estimated ELBO: -88.006 +/- 0.023.

