MATLAB is selecting SOFTWARE OPENGL rendering.

                            < M A T L A B (R) >
                  Copyright 1984-2018 The MathWorks, Inc.
              R2018b Update 2 (9.5.0.1033004) 64-bit (glnxa64)
                              January 5, 2019

 
To get started, type doc.
For product information, visit www.mathworks.com.
 
Beginning variational optimization assuming NOISY observations of the log-joint.
 Iteration  f-count    Mean[ELBO]    Std[ELBO]    sKL-iter[q]   K[q]  Convergence  Action
     1         10         -64.62         0.44   1005324.30        2        Inf     start warm-up
     2         15         -65.37         0.46         1.17        2        Inf     
     3         20         -65.12         0.18         0.48        2       10.6     
     4         25         -64.86         0.08         0.24        2       5.81     
     5         30         -64.69         0.09         0.15        2       3.69     end warm-up
     6         35         -64.56         0.04         0.04        2       1.36     
     7         40         -64.51         0.04         0.01        2      0.466     
     8         45         -64.49         0.03         0.02        5      0.467     
     9         50         -64.47         0.03         0.01        8      0.302     
    10         55         -64.47         0.04         0.00       11      0.205     
    11         55         -64.47         0.03         0.00       11      0.194     rotoscale
    12         60         -64.46         0.02         0.00       13      0.158     
    13         65         -64.44         0.02         0.00       13      0.235     
    14         70         -64.45         0.02         0.00       14      0.146     
    15         75         -64.44         0.02         0.00       14      0.134     
    16         80         -64.42         0.04         0.00       16      0.177     stable
   Inf         80         -64.41         0.04         0.00       50      0.177     finalize

Inference terminated: variational solution stable for OPTIONS.TolStableCount fcn evaluations.
Estimated ELBO: -64.408 +/- 0.040.

