MATLAB is selecting SOFTWARE OPENGL rendering.

                            < M A T L A B (R) >
                  Copyright 1984-2018 The MathWorks, Inc.
              R2018b Update 2 (9.5.0.1033004) 64-bit (glnxa64)
                              January 5, 2019

 
To get started, type doc.
For product information, visit www.mathworks.com.
 
Beginning variational optimization assuming NOISY observations of the log-joint.
 Iteration  f-count    Mean[ELBO]    Std[ELBO]    sKL-iter[q]   K[q]  Convergence  Action
     1         10        -117.83         1.16   1282964.40        2        Inf     start warm-up
     2         15        -100.88         0.55         7.22        2        Inf     
     3         20         -95.94         0.49        46.89        2        916     
     4         25         -94.83         0.27        14.29        2        278     
     5         30         -94.15         0.18         0.17        2       5.03     
     6         35         -89.43         0.59        10.46        2        211     
     7         40         -87.69         0.38         1.29        2       28.9     
     8         45         -87.03         0.49         1.59        2       33.1     
     9         50         -85.85         0.25         0.93        2       20.9     
    10         55         -86.11         0.17         0.44        2       9.17     
    11         60         -85.46         0.08         0.43        2       10.3     
    12         65         -84.82         0.58         1.23        2       26.9     end warm-up
    13         70         -85.05         0.06         0.36        2       7.78     
    14         75         -85.06         0.08         0.02        2      0.582     
    15         80         -84.95         0.05         0.03        5       1.08     
    16         85         -84.88         0.05         0.01        6      0.459     
    17         90         -84.88         0.04         0.01        8      0.231     
    18         90         -84.87         0.04         0.01        8      0.345     rotoscale
    19         95         -84.87         0.05         0.00        9       0.13     
    20        100         -84.84         0.04         0.00        9      0.236     
    21        105         -84.83         0.04         0.00       12      0.137     
    22        110         -84.84         0.04         0.00       14      0.131     
    23        115         -84.76         0.03         0.01       13      0.414     
    24        115         -84.75         0.05         0.00       13      0.214     rotoscale, stable
    25        120         -84.75         0.03         0.00       13      0.108     stable
    26        125         -84.74         0.03         0.00       14      0.135     stable
    27        130         -84.74         0.04         0.00       17      0.113     stable
    28        135         -84.75         0.05         0.00       17      0.161     stable
   Inf        135         -84.75         0.05         0.00       50      0.161     finalize

Inference terminated: variational solution stable for OPTIONS.TolStableCount fcn evaluations.
Estimated ELBO: -84.751 +/- 0.047.

