MATLAB is selecting SOFTWARE OPENGL rendering.

                            < M A T L A B (R) >
                  Copyright 1984-2018 The MathWorks, Inc.
              R2018b Update 2 (9.5.0.1033004) 64-bit (glnxa64)
                              January 5, 2019

 
To get started, type doc.
For product information, visit www.mathworks.com.
 
Beginning variational optimization assuming NOISY observations of the log-joint.
 Iteration  f-count    Mean[ELBO]    Std[ELBO]    sKL-iter[q]   K[q]  Convergence  Action
     1         10         -88.09         3.50   1022083.52        2        Inf     start warm-up
     2         15         -75.55         2.21        20.54        2        Inf     
     3         20         -69.97         0.26         9.28        2        197     
     4         25         -67.45         0.62         4.75        2        101     
     5         30         -66.25         1.25         0.81        2       23.4     
     6         35         -64.95         1.40        16.46        2        326     
     7         40         -65.17         0.18         5.36        2        105     
     8         45         -64.84         0.31         0.27        2       7.41     
     9         50         -64.75         0.10         0.12        2        2.9     
    10         55         -64.39         0.18         0.99        2       20.9     end warm-up
    11         60         -64.03         0.16         0.56        2       12.5     
    12         65         -64.07         0.08         0.05        2        1.3     
    13         70         -64.08         0.06         0.01        3      0.345     
    14         75         -63.97         0.05         0.01        6       0.52     
    15         80         -63.93         0.05         0.00        9      0.282     
    16         80         -63.93         0.07         0.02       10      0.539     rotoscale
    17         85         -63.91         0.05         0.00       10      0.216     
    18         90         -63.86         0.04         0.01       12       0.32     
    19         95         -63.85         0.05         0.00       10      0.166     
    20        100         -63.82         0.05         0.00       10      0.175     
    21        105         -63.82         0.05         0.00       11      0.146     
    22        105         -63.82         0.05         0.00       12      0.149     rotoscale, stable
    23        110         -63.82         0.04         0.00       12      0.106     stable
    24        115         -63.81         0.05         0.00       14      0.126     stable
    25        120         -63.81         0.04         0.00       14        0.1     stable
    26        125         -63.78         0.04         0.00       15      0.161     stable
   Inf        125         -63.77         0.04         0.00       50      0.161     finalize

Inference terminated: variational solution stable for OPTIONS.TolStableCount fcn evaluations.
Estimated ELBO: -63.767 +/- 0.043.

