MATLAB is selecting SOFTWARE OPENGL rendering.

                            < M A T L A B (R) >
                  Copyright 1984-2018 The MathWorks, Inc.
              R2018b Update 2 (9.5.0.1033004) 64-bit (glnxa64)
                              January 5, 2019

 
To get started, type doc.
For product information, visit www.mathworks.com.
 
Beginning variational optimization assuming NOISY observations of the log-joint.
 Iteration  f-count    Mean[ELBO]    Std[ELBO]    sKL-iter[q]   K[q]  Convergence  Action
     1         10        -127.80         1.44   1073836.24        2        Inf     start warm-up
     2         15        -126.53         0.84         1.83        2        Inf     
     3         20        -122.43         0.70         8.25        2        171     
     4         25        -120.15         0.32         3.57        2       75.7     
     5         30        -120.09         0.20         0.43        2       9.04     
     6         35        -119.46         0.16         0.54        2       12.4     
     7         40        -118.75         1.82         1.10        2       28.1     
     8         45        -119.20         0.09         0.97        2       20.2     
     9         50        -119.22         0.07         0.02        2      0.524     end warm-up
    10         55        -119.15         0.06         0.02        2      0.699     
    11         60        -119.12         0.05         0.01        2      0.337     
    12         65        -119.17         0.05         0.02        5      0.704     
    13         70        -119.17         0.04         0.00        5      0.168     
    14         75        -119.18         0.04         0.01        5      0.228     
    15         75        -119.19         0.04         0.02        5      0.468     rotoscale
    16         80        -119.17         0.03         0.01        5      0.308     
    17         85        -119.15         0.03         0.01        8      0.269     
    18         90        -119.15         0.03         0.00       11      0.125     stable
    19         95        -119.15         0.03         0.00       14      0.144     stable
   Inf         95        -119.11         0.03         0.00       50      0.144     finalize

Inference terminated: variational solution stable for OPTIONS.TolStableCount fcn evaluations.
Estimated ELBO: -119.113 +/- 0.030.

