MATLAB is selecting SOFTWARE OPENGL rendering.

                            < M A T L A B (R) >
                  Copyright 1984-2018 The MathWorks, Inc.
              R2018b Update 2 (9.5.0.1033004) 64-bit (glnxa64)
                              January 5, 2019

 
To get started, type doc.
For product information, visit www.mathworks.com.
 
Beginning variational optimization assuming NOISY observations of the log-joint.
 Iteration  f-count    Mean[ELBO]    Std[ELBO]    sKL-iter[q]   K[q]  Convergence  Action
     1         10         -50.82         1.37   1269496.21        2        Inf     start warm-up
     2         15         -44.73         0.81        13.36        2        Inf     
     3         20         -40.67         0.47         1.89        2         50     
     4         25         -38.01         0.62         2.73        2       62.6     
     5         30         -37.41         0.24         0.49        2         12     
     6         35         -37.28         0.14         0.11        2        2.9     
     7         40         -37.01         0.21         0.24        2       6.06     
     8         45         -37.06         0.07         0.06        2       1.48     end warm-up
     9         50         -37.00         0.04         0.01        2      0.494     
    10         55         -37.01         0.04         0.00        2      0.244     
    11         60         -36.97         0.03         0.02        5      0.673     
    12         65         -36.94         0.04         0.00        8      0.217     
    13         70         -36.91         0.04         0.00       11      0.217     
    14         70         -36.90         0.05         0.00       12      0.194     rotoscale
    15         75         -36.88         0.03         0.00       11      0.174     
    16         80         -36.87         0.03         0.01       10      0.293     
    17         85         -36.85         0.03         0.00       10      0.125     
    18         90         -36.86         0.03         0.00       11      0.136     stable
   Inf         90         -36.85         0.03         0.00       50      0.136     finalize

Inference terminated: variational solution stable for OPTIONS.TolStableCount fcn evaluations.
Estimated ELBO: -36.846 +/- 0.028.

