MATLAB is selecting SOFTWARE OPENGL rendering.

                            < M A T L A B (R) >
                  Copyright 1984-2018 The MathWorks, Inc.
              R2018b Update 2 (9.5.0.1033004) 64-bit (glnxa64)
                              January 5, 2019

 
To get started, type doc.
For product information, visit www.mathworks.com.
 
Beginning variational optimization assuming NOISY observations of the log-joint.
 Iteration  f-count    Mean[ELBO]    Std[ELBO]    sKL-iter[q]   K[q]  Convergence  Action
     1         10        -111.48         1.84   1500420.57        2        Inf     start warm-up
     2         15        -108.39         1.03        10.65        2        Inf     
     3         20        -107.16         0.15         0.98        2       21.6     
     4         25        -106.77         0.13         0.29        2       6.56     
     5         30        -106.68         0.09         0.07        2       1.72     
     6         35        -106.45         0.12         0.10        2       2.67     end warm-up
     7         40        -106.42         0.07         0.02        2      0.665     
     8         45        -106.33         0.07         0.00        2      0.429     
     9         50        -106.31         0.06         0.01        5      0.287     
    10         55        -106.32         0.06         0.00        8      0.237     
    11         60        -106.31         0.06         0.00        8      0.199     
    12         60        -106.34         0.06         0.01        9      0.322     rotoscale
    13         65        -106.28         0.06         0.00        9      0.256     
    14         70        -106.33         0.06         0.00       12      0.262     
    15         75        -106.30         0.05         0.00       12      0.172     
    16         80        -106.32         0.05         0.00       15      0.148     stable
   Inf         80        -106.33         0.05         0.00       50      0.148     finalize

Inference terminated: variational solution stable for OPTIONS.TolStableCount fcn evaluations.
Estimated ELBO: -106.328 +/- 0.047.

