MATLAB is selecting SOFTWARE OPENGL rendering.

                            < M A T L A B (R) >
                  Copyright 1984-2018 The MathWorks, Inc.
              R2018b Update 2 (9.5.0.1033004) 64-bit (glnxa64)
                              January 5, 2019

 
To get started, type doc.
For product information, visit www.mathworks.com.
 
Beginning variational optimization assuming NOISY observations of the log-joint.
 Iteration  f-count    Mean[ELBO]    Std[ELBO]    sKL-iter[q]   K[q]  Convergence  Action
     1         10        -107.65         0.51   1036835.14        2        Inf     start warm-up
     2         15        -103.74         1.93         6.86        2        Inf     
     3         20        -101.91         0.24         4.72        2       96.5     
     4         25         -99.76         0.29         2.68        2       58.4     
     5         30         -99.21         0.19         0.34        2       8.63     
     6         35         -98.67         0.29         0.24        2       6.92     
     7         40         -98.62         0.63         0.22        2       6.15     
     8         45         -98.52         0.06         0.17        2       3.66     
     9         50         -98.56         0.04         0.01        2      0.448     end warm-up
    10         55         -98.45         0.04         0.02        2       0.83     
    11         60         -98.42         0.04         0.00        2      0.283     
    12         65         -98.39         0.04         0.00        5      0.234     
    13         70         -98.38         0.04         0.01        8       0.39     
    14         75         -98.40         0.04         0.00        8      0.161     
    15         75         -98.40         0.04         0.02        8      0.455     rotoscale
    16         80         -98.40         0.04         0.00        8      0.177     
    17         85         -98.40         0.04         0.00        8      0.132     
    18         90         -98.39         0.04         0.00        8       0.15     stable
    19         95         -98.39         0.04         0.00        8      0.129     stable
   Inf         95         -98.36         0.04         0.00       50      0.129     finalize

Inference terminated: variational solution stable for OPTIONS.TolStableCount fcn evaluations.
Estimated ELBO: -98.359 +/- 0.045.

