MATLAB is selecting SOFTWARE OPENGL rendering.

                            < M A T L A B (R) >
                  Copyright 1984-2018 The MathWorks, Inc.
              R2018b Update 2 (9.5.0.1033004) 64-bit (glnxa64)
                              January 5, 2019

 
To get started, type doc.
For product information, visit www.mathworks.com.
 
Beginning variational optimization assuming NOISY observations of the log-joint.
 Iteration  f-count    Mean[ELBO]    Std[ELBO]    sKL-iter[q]   K[q]  Convergence  Action
     1         10        -125.43         0.85   1230975.68        2        Inf     start warm-up
     2         15        -123.32         0.36         1.94        2        Inf     
     3         20        -122.92         0.11         0.34        2       7.54     
     4         25        -122.74         0.10         0.13        2       3.15     
     5         30        -122.58         0.10         0.04        2        1.4     end warm-up
     6         35        -122.49         0.06         0.06        2       1.49     
     7         40        -122.48         0.07         0.02        2      0.462     
     8         45        -122.39         0.05         0.01        5      0.401     
     9         50        -122.34         0.05         0.01        8      0.372     
    10         55        -122.34         0.05         0.00       11      0.146     
    11         55        -122.06         0.07         0.09       12       2.42     rotoscale
    12         60        -119.46         0.61         0.34       13       13.5     
    13         65        -113.62         0.45         3.10       13       74.2     
    14         70        -111.61         0.26         0.84       13       21.3     
    15         75        -108.13         0.86         0.21       13       13.6     
    16         80        -106.63         2.06         0.45       12         14     
    17         85        -104.80         2.54         0.25       12       11.5     
    18         90        -104.40         2.36         0.18       11       7.74     
    19         95        -102.76         2.78         0.02       11       7.59     
    20        100         -99.64         3.44         0.85       12       26.9     
    21        105        -103.29         1.85         1.09       13       31.4     
    22        110        -102.69         1.38      6331.98       13   1.22e+05     
    23        115        -101.39         1.70         0.26       13       12.1     
    24        120        -100.84         1.82         0.02       13       6.09     
    25        125         -99.76         1.47         0.10       12       8.09     
    26        130        -100.39         1.69         0.05       11       6.34     
    27        135         -96.25         2.47         0.20       10       16.6     
    28        140        -100.21         2.41         0.19        9       17.5     
    29        145         -97.95         2.20         0.24        9         13     
    30        150         -97.35         2.48         0.06        7       7.45     
    31        155        -100.42         2.19         0.17        7       14.2     
    32        160         -99.05         2.16         0.07        6       8.34     
    33        165         -97.58         3.11         0.10        6         11     
    34        170        -100.85         2.71         0.18        5       15.8     
    35        175         -98.61         3.26         0.12        5       14.1     
    36        180        -100.87         2.15         0.28        5       15.4     
    37        185        -100.60         2.46         0.08        5       7.25     
    38        190        -101.72         2.08         0.10        5       8.42     
    39        195        -100.14         1.77         0.09        5        8.7     
    40        200        -102.71         2.72         0.12        6       13.2     
    41        205        -102.64         2.73         0.09        6       7.47     
    42        210        -102.05         3.29         0.19        6       11.6     
    43        215        -101.22         2.22         0.24        3       10.7     
    44        220        -100.92         1.71         0.11        3       6.25     
    45        225        -100.00         2.60         0.05        3        7.8     
    46        230        -103.29         1.15         0.25        3       14.2     switch to GP opt
    47        235        -103.27         1.18         0.01        2        2.7     
    48        240        -103.11         1.22         0.01        2       2.93     
    49        245        -103.07         1.24         0.00        2       2.65     
    50        250        -103.12         1.22         0.01        2       2.74     
    51        255        -103.97         1.15         0.05        2       5.09     
    52        260        -103.71         1.28         0.09        1       4.83     
    53        265        -104.13         1.22         0.01        1       3.59     
    54        270        -103.92         1.26         0.01        1       3.12     
    55        275        -104.26         1.25         0.06        1       4.37     
    56        280        -104.03         1.27         0.01        1       3.31     
    57        285        -104.37         1.23         0.01        1       3.57     
    58        290        -104.24         1.22         0.00        1       2.84     
    59        295        -104.53         1.20         0.00        1       3.21     
    60        300        -104.10         1.22         0.02        1       3.85     
    61        305        -103.74         1.18         0.03        2       3.68     
    62        310        -103.39         1.23         0.06        3       4.45     
    63        315        -103.13         1.28         0.02        3       3.45     
    64        320        -103.16         1.28         0.00        3       2.79     
    65        325        -103.72         1.25         0.03        3       4.33     
    66        330        -103.28         1.30         0.01        3       3.89     
    67        335        -103.29         1.28         0.01        3       2.78     
    68        340        -103.42         1.25         0.00        3       2.92     
    69        345        -103.36         1.26         0.00        3       2.83     
    70        350        -103.47         1.25         0.00        3       2.87     
    71        355        -103.52         1.25         0.01        3       2.88     
    72        360        -103.56         1.24         0.00        3       2.75     
    73        365        -104.35         1.18         0.03        2       4.77     
    74        370        -104.27         1.18         0.00        2       2.77     
    75        375        -104.57         1.16         0.00        2       3.23     
    76        380        -104.36         1.17         0.01        2       3.12     
    77        385        -104.39         1.14         0.00        2       2.56     
    78        390        -104.53         1.14         0.00        2        2.8     
    79        395        -104.44         1.14         0.00        2       2.69     
    80        400        -104.16         1.17         0.02        2       3.47     
    81        405        -104.18         1.15         0.01        3       2.64     
    82        410        -104.20         1.15         0.00        4       2.55     
    83        415        -104.54         1.12         0.01        4       3.28     
    84        420        -105.16         1.09         0.01        4       3.94     
    85        425        -104.83         1.09         0.00        4       3.19     
    86        430        -104.73         1.10         0.00        4       2.66     
    87        435        -105.63         1.02         0.04        4          5     
    88        440        -105.72         1.00         0.00        4       2.47     
    89        445        -106.25         0.94         0.03        4       3.75     
    90        450        -106.17         0.94         0.00        4        2.3     
    91        455        -105.55         1.01         0.03        4       4.24     
    92        460        -105.53         0.99         0.01        5       2.37     
    93        460        -107.21         0.84         0.14        6       8.72     rotoscale
    94        465        -104.74         0.96         0.23        6         12     
    95        470        -104.91         0.98         0.00        7       2.57     
    96        475        -104.81         0.97         0.00        7       2.41     
    97        480        -104.90         0.98         0.00        7       2.39     
    98        485        -104.74         1.01         0.01        5       2.74     
    99        490        -104.83         1.01         0.00        5       2.46     
   100        495        -104.93         1.00         0.01        5       2.53     
   101        500        -105.08         0.98         0.00        5       2.56     
   Inf        500        -104.92         0.91         0.02       50       2.41     finalize

Inference terminated: reached maximum number of function evaluations OPTIONS.MaxFunEvals.
Estimated ELBO: -104.923 +/- 0.909.
Caution: Returned variational solution may have not converged.

