MATLAB is selecting SOFTWARE OPENGL rendering.

                            < M A T L A B (R) >
                  Copyright 1984-2018 The MathWorks, Inc.
              R2018b Update 2 (9.5.0.1033004) 64-bit (glnxa64)
                              January 5, 2019

 
To get started, type doc.
For product information, visit www.mathworks.com.
 
Beginning variational optimization assuming NOISY observations of the log-joint.
 Iteration  f-count    Mean[ELBO]    Std[ELBO]    sKL-iter[q]   K[q]  Convergence  Action
     1         10        -146.37         8.95   1223309.47        2        Inf     start warm-up
     2         15        -117.94         1.48       109.62        2        Inf     
     3         20        -107.19         1.02         7.69        2        178     
     4         25        -100.43         0.62        16.43        2        335     
     5         30         -93.48         0.41        14.13        2        289     
     6         35         -92.71         0.15         0.56        2         13     
     7         40         -91.15         0.72         1.60        2       36.5     
     8         45         -90.76         0.34         0.42        2       9.96     
     9         50         -90.55         0.24         0.13        2       3.56     
    10         55         -90.25         0.18         0.38        2       8.48     
    11         60         -90.12         0.14         0.01        2      0.906     
    12         65         -86.99         4.52      1359.13        2   2.62e+04     trim data
    13         70         -87.44         9.00       865.91        2   1.67e+04     
    14         75         -89.94         0.12         0.79        2       21.2     end warm-up
    15         80         -89.89         0.19         0.16        2       3.29     
    16         85         -89.87         0.15         0.22        2       4.43     
    17         90         -89.86         0.14         0.01        3      0.324     
    18         95         -89.85         0.13         0.00        6      0.228     
    19        100         -89.87         0.12         0.01        9      0.338     
    20        100         -89.86         0.13         0.02       10      0.543     rotoscale
    21        105         -89.85         0.12         0.00       10      0.246     
    22        110         -89.81         0.11         0.00       13      0.231     
    23        115         -89.80         0.11         0.00       16      0.214     
    24        120         -89.79         0.10         0.00       19      0.152     
    25        125         -89.74         0.10         0.00       21      0.243     
    26        125         -89.69         0.09         0.00       21      0.246     rotoscale, stable
    27        130         -89.71         0.09         0.00       22      0.155     stable
    28        135         -89.70         0.08         0.00       21      0.147     stable
    29        140         -89.68         0.08         0.00       21      0.163     stable
    30        145         -89.69         0.07         0.00       21      0.135     stable
   Inf        145         -89.68         0.07         0.00       50      0.135     finalize

Inference terminated: variational solution stable for OPTIONS.TolStableCount fcn evaluations.
Estimated ELBO: -89.680 +/- 0.074.

