MATLAB is selecting SOFTWARE OPENGL rendering.

                            < M A T L A B (R) >
                  Copyright 1984-2018 The MathWorks, Inc.
              R2018b Update 2 (9.5.0.1033004) 64-bit (glnxa64)
                              January 5, 2019

 
To get started, type doc.
For product information, visit www.mathworks.com.
 
Beginning variational optimization assuming NOISY observations of the log-joint.
 Iteration  f-count    Mean[ELBO]    Std[ELBO]    sKL-iter[q]   K[q]  Convergence  Action
     1         10         -91.08         1.91   1248180.96        2        Inf     start warm-up
     2         15         -78.00         0.69         6.33        2        Inf     
     3         20         -70.78         0.53         4.58        2        108     
     4         25         -65.75         0.25         3.73        2       86.4     
     5         30         -62.94         0.44         4.29        2         92     
     6         35         -61.50         0.29         1.42        2       32.5     
     7         40         -61.11         0.12         0.59        2         13     
     8         45         -60.60         0.28         0.67        2       15.4     
     9         50         -60.50         0.09         0.14        2       3.23     
    10         55         -60.47         0.05         0.03        2       0.85     end warm-up
    11         60         -60.43         0.04         0.03        2      0.782     
    12         65         -60.45         0.03         0.00        2      0.243     
    13         70         -60.35         0.03         0.01        5      0.502     
    14         75         -60.35         0.03         0.01        8      0.205     
    15         80         -60.32         0.03         0.00       11      0.209     
    16         80         -60.25         0.03         0.00       12      0.393     rotoscale
    17         85         -60.27         0.03         0.00       15      0.197     
    18         90         -60.26         0.04         0.00       15      0.156     
    19         95         -60.26         0.02         0.00       15      0.097     stable
    20        100         -60.25         0.03         0.00       18      0.118     stable
   Inf        100         -60.22         0.03         0.00       50      0.118     finalize

Inference terminated: variational solution stable for OPTIONS.TolStableCount fcn evaluations.
Estimated ELBO: -60.223 +/- 0.026.

