MATLAB is selecting SOFTWARE OPENGL rendering.

                            < M A T L A B (R) >
                  Copyright 1984-2018 The MathWorks, Inc.
              R2018b Update 2 (9.5.0.1033004) 64-bit (glnxa64)
                              January 5, 2019

 
To get started, type doc.
For product information, visit www.mathworks.com.
 
Beginning variational optimization assuming NOISY observations of the log-joint.
 Iteration  f-count    Mean[ELBO]    Std[ELBO]    sKL-iter[q]   K[q]  Convergence  Action
     1         10        -103.56         2.49   1233489.00        2        Inf     start warm-up
     2         15         -99.25         0.89         6.89        2        Inf     
     3         20         -95.17         0.32         6.25        2        132     
     4         25         -94.92         0.21         0.17        2       4.54     
     5         30         -93.28         0.31         2.07        2       45.1     
     6         35         -93.08         0.16         0.38        2       8.22     
     7         40         -92.82         0.07         0.08        2       2.41     
     8         45         -92.83         0.06         0.01        2      0.322     
     9         50         -92.77         0.06         0.06        2       1.56     end warm-up
    10         55         -92.67         0.05         0.00        2      0.458     
    11         60         -92.70         0.04         0.04        2      0.851     
    12         65         -92.71         0.04         0.00        5      0.154     
    13         70         -92.67         0.04         0.00        8      0.211     
    14         75         -92.65         0.04         0.00       11      0.158     
    15         75         -92.64         0.04         0.00       12      0.188     rotoscale
    16         80         -92.62         0.04         0.00       15      0.191     
    17         85         -92.64         0.03         0.00       18      0.178     
    18         90         -92.62         0.03         0.00       18      0.151     stable
    19         95         -92.60         0.03         0.00       19      0.136     stable
   Inf         95         -92.59         0.03         0.00       50      0.136     finalize

Inference terminated: variational solution stable for OPTIONS.TolStableCount fcn evaluations.
Estimated ELBO: -92.590 +/- 0.032.

