MATLAB is selecting SOFTWARE OPENGL rendering.

                            < M A T L A B (R) >
                  Copyright 1984-2018 The MathWorks, Inc.
              R2018b Update 2 (9.5.0.1033004) 64-bit (glnxa64)
                              January 5, 2019

 
To get started, type doc.
For product information, visit www.mathworks.com.
 
Beginning variational optimization assuming NOISY observations of the log-joint.
 Iteration  f-count    Mean[ELBO]    Std[ELBO]    sKL-iter[q]   K[q]  Convergence  Action
     1         10         -82.62        10.27    957219.83        2        Inf     start warm-up
     2         15         -78.02         0.52         5.91        2        Inf     
     3         20         -76.65         0.44         1.47        2       34.1     
     4         25         -75.63         0.63         1.04        2       24.9     
     5         30         -75.60         0.19         0.30        2       6.47     
     6         35         -75.41         0.31         0.28        2       6.94     
     7         40         -75.12         0.69         0.35        2       9.82     
     8         45         -75.36         0.12         0.11        2       3.24     end warm-up
     9         50         -75.25         0.05         0.12        2       2.77     
    10         55         -75.29         0.03         0.02        2      0.564     
    11         60         -75.29         0.03         0.00        5      0.191     
    12         65         -75.26         0.03         0.00        8      0.282     
    13         70         -75.24         0.03         0.01       11      0.263     
    14         70         -75.21         0.03         0.00       12      0.261     rotoscale
    15         75         -75.20         0.03         0.00       15       0.14     
    16         80         -75.18         0.02         0.00       17      0.172     
    17         85         -75.18         0.03         0.00       17       0.11     
    18         90         -75.17         0.02         0.00       17      0.116     
    19         95         -75.17         0.04         0.00       18      0.167     stable
   Inf         95         -75.17         0.04         0.00       50      0.167     finalize

Inference terminated: variational solution stable for OPTIONS.TolStableCount fcn evaluations.
Estimated ELBO: -75.173 +/- 0.035.

