MATLAB is selecting SOFTWARE OPENGL rendering.

                            < M A T L A B (R) >
                  Copyright 1984-2018 The MathWorks, Inc.
              R2018b Update 2 (9.5.0.1033004) 64-bit (glnxa64)
                              January 5, 2019

 
To get started, type doc.
For product information, visit www.mathworks.com.
 
Beginning variational optimization assuming NOISY observations of the log-joint.
 Iteration  f-count    Mean[ELBO]    Std[ELBO]    sKL-iter[q]   K[q]  Convergence  Action
     1         10        -141.30         1.92   1310232.52        2        Inf     start warm-up
     2         15        -128.22         1.08        12.47        2        Inf     
     3         20        -124.23         0.60         4.10        2       87.4     
     4         25        -116.74         1.91        17.12        2        346     
     5         30        -111.75         1.29        17.17        2        342     
     6         35        -110.20         0.64         1.01        2       23.7     
     7         40        -109.90         0.19         0.46        2        9.8     
     8         45        -109.38         0.24         0.58        2       12.7     
     9         50        -109.41         0.14         0.09        2       2.15     
    10         55        -109.34         0.09         0.06        2       1.52     end warm-up
    11         60        -109.29         0.07         0.01        2      0.481     
    12         65        -109.31         0.06         0.00        2      0.206     
    13         70        -109.35         0.06         0.02        5      0.582     
    14         75        -109.29         0.06         0.01        5      0.412     
    15         80        -109.27         0.06         0.01        8      0.256     
    16         80        -109.24         0.06         0.01        9      0.314     rotoscale
    17         85        -109.22         0.05         0.00       12      0.205     
    18         90        -109.17         0.05         0.00       15      0.213     
    19         95        -109.15         0.05         0.00       18      0.176     
    20        100        -109.11         0.06         0.00       20      0.215     stable
   Inf        100        -109.00         0.10         0.01       50      0.215     finalize

Inference terminated: variational solution stable for OPTIONS.TolStableCount fcn evaluations.
Estimated ELBO: -109.002 +/- 0.101.

