MATLAB is selecting SOFTWARE OPENGL rendering.

                            < M A T L A B (R) >
                  Copyright 1984-2018 The MathWorks, Inc.
              R2018b Update 2 (9.5.0.1033004) 64-bit (glnxa64)
                              January 5, 2019

 
To get started, type doc.
For product information, visit www.mathworks.com.
 
Beginning variational optimization assuming NOISY observations of the log-joint.
 Iteration  f-count    Mean[ELBO]    Std[ELBO]    sKL-iter[q]   K[q]  Convergence  Action
     1         10        -133.94         2.08   1303709.52        2        Inf     start warm-up
     2         15        -113.64         1.15        16.31        2        Inf     
     3         20        -105.12         0.35        12.08        2        257     
     4         25        -101.32         0.34         9.95        2        203     
     5         30        -100.18         0.25         7.66        2        151     
     6         35         -98.53         0.17         2.57        2       53.6     
     7         40         -97.24         0.30         3.84        2       77.4     
     8         45         -96.62         0.21         0.88        2       18.9     
     9         50         -96.18         0.28         0.37        2        8.7     
    10         55         -96.06         0.30         0.11        2       3.07     
    11         60         -95.64         0.26         1.16        2       23.8     end warm-up
    12         65         -95.49         0.08         0.29        2       6.01     
    13         70         -95.37         0.07         0.04        2       1.29     
    14         75         -95.36         0.06         0.00        3      0.144     
    15         80         -95.34         0.06         0.01        6      0.425     
    16         85         -95.33         0.05         0.01        9      0.277     
    17         85         -95.29         0.05         0.01       10      0.364     rotoscale
    18         90         -95.25         0.07         0.00       12      0.294     
    19         95         -95.19         0.05         0.01       12      0.405     
    20        100         -95.12         0.04         0.01       13      0.419     
    21        105         -95.12         0.06         0.01       14      0.285     
    22        110         -95.11         0.06         0.01       14      0.242     
    23        110         -95.10         0.07         0.00       14      0.174     rotoscale, stable
    24        115         -95.08         0.06         0.00       13      0.195     stable
    25        120         -95.09         0.06         0.00       13      0.152     stable
    26        125         -95.08         0.06         0.00       14      0.177     stable
    27        130         -95.07         0.06         0.00       15      0.139     stable
   Inf        130         -95.05         0.06         0.00       50      0.139     finalize

Inference terminated: variational solution stable for OPTIONS.TolStableCount fcn evaluations.
Estimated ELBO: -95.053 +/- 0.055.

